[00:03:55.553] D [  main  ] loading config file wct-sim-fans-hydra.jsonnet
[00:03:55.720] D [  main  ] config requests plugin: "WireCellGen"
[00:03:55.720] D [  main  ] config requests plugin: "WireCellPgraph"
[00:03:55.720] D [  main  ] config requests plugin: "WireCellSio"
[00:03:55.720] D [  main  ] config requests plugin: "WireCellSigProc"
[00:03:55.720] D [  main  ] config requests plugin: "WireCellRoot"
[00:03:55.720] D [  main  ] config requests plugin: "WireCellTbb"
[00:03:55.720] D [  main  ] config requests plugin: "WireCellImg"
[00:03:55.720] D [  main  ] config requests app: "Pgrapher"
[00:03:55.720] D [  main  ] adding plugin: "WireCellGen"
[00:03:55.733] D [  sys   ] loaded plugin #1 "WireCellGen" from library "libWireCellGen.so": 0x81f640
[00:03:55.733] D [  main  ] adding plugin: "WireCellPgraph"
[00:03:55.734] D [  sys   ] loaded plugin #2 "WireCellPgraph" from library "libWireCellPgraph.so": 0x81fb40
[00:03:55.734] D [  main  ] adding plugin: "WireCellSio"
[00:03:55.739] D [  sys   ] loaded plugin #3 "WireCellSio" from library "libWireCellSio.so": 0x829e20
[00:03:55.739] D [  main  ] adding plugin: "WireCellSigProc"
[00:03:55.744] D [  sys   ] loaded plugin #4 "WireCellSigProc" from library "libWireCellSigProc.so": 0x829420
[00:03:55.744] D [  main  ] adding plugin: "WireCellRoot"
[00:03:55.900] D [  sys   ] loaded plugin #5 "WireCellRoot" from library "libWireCellRoot.so": 0x7b5370
[00:03:55.900] D [  main  ] adding plugin: "WireCellTbb"
[00:03:55.908] D [  sys   ] loaded plugin #6 "WireCellTbb" from library "libWireCellTbb.so": 0x79b090
[00:03:55.908] D [  main  ] adding plugin: "WireCellImg"
[00:03:55.916] D [  sys   ] loaded plugin #7 "WireCellImg" from library "libWireCellImg.so": 0x8db020
[00:03:55.916] D [  main  ] constructing component: "TrackDepos":""
[00:03:55.916] D [  main  ] constructing component: "Random":""
[00:03:55.916] D [  main  ] constructing component: "Drifter":""
[00:03:55.916] D [  main  ] constructing component: "DepoBagger":"bagger"
[00:03:55.916] D [  main  ] constructing component: "DepoSetFanout":"sn_mag_fout_0_0"
[00:03:55.916] D [  main  ] constructing component: "DepoSetFanout":"sn_mag_fout_1_0"
[00:03:55.916] D [  main  ] constructing component: "DepoSetFanout":"sn_mag_fout_1_1"
[00:03:55.916] D [  main  ] constructing component: "DepoSetFanout":"sn_mag_fout_1_2"
[00:03:55.916] D [  main  ] constructing component: "DepoSetFanout":"sn_mag_fout_1_3"
[00:03:55.917] D [  main  ] constructing component: "FrameFanin":"sn_mag_fin_1_0"
[00:03:55.917] D [  main  ] constructing component: "FrameFanin":"sn_mag_fin_1_1"
[00:03:55.917] D [  main  ] constructing component: "FrameFanin":"sn_mag_fin_1_2"
[00:03:55.917] D [  main  ] constructing component: "FrameFanin":"sn_mag_fin_1_3"
[00:03:55.917] D [  main  ] constructing component: "FrameFanin":"sn_mag_fin_0_0"
[00:03:55.917] D [  main  ] constructing component: "WireSchemaFile":""
[00:03:55.917] D [  main  ] constructing component: "AnodePlane":"crm0"
[00:03:55.917] D [  main  ] constructing component: "DepoSetFilter":"ds-filter-switch-0"
[00:03:55.917] D [  main  ] constructing component: "FrameSync":"frame-sync-switch-0"
[00:03:55.917] D [  main  ] constructing component: "DeposOrBust":"dorb-switch-0"
[00:03:55.917] D [  main  ] constructing component: "FftwDFT":""
[00:03:55.917] D [  main  ] constructing component: "FieldResponse":"field0"
[00:03:55.917] D [  main  ] constructing component: "ColdElecResponse":""
[00:03:55.917] D [  main  ] constructing component: "RCResponse":""
[00:03:55.917] D [  main  ] constructing component: "ResponseSys":""
[00:03:55.917] D [  main  ] constructing component: "PlaneImpactResponse":"PIRfield0plane0"
[00:03:55.917] D [  main  ] constructing component: "PlaneImpactResponse":"PIRfield0plane1"
[00:03:55.917] D [  main  ] constructing component: "PlaneImpactResponse":"PIRfield0plane2"
[00:03:55.917] D [  main  ] constructing component: "DepoTransform":"ductor0"
[00:03:55.917] D [  main  ] constructing component: "Reframer":"reframer0"
[00:03:55.917] D [  main  ] constructing component: "EmpiricalNoiseModel":"empericalnoisecrm0"
[00:03:55.917] D [  main  ] constructing component: "AddNoise":"addnoiseempericalnoisecrm0"
[00:03:55.917] D [  main  ] constructing component: "Digitizer":"digitizer0"
[00:03:55.917] D [  main  ] constructing component: "LfFilter":"ROI_tight_lf"
[00:03:55.917] D [  main  ] constructing component: "LfFilter":"ROI_tighter_lf"
[00:03:55.917] D [  main  ] constructing component: "LfFilter":"ROI_loose_lf"
[00:03:55.917] D [  main  ] constructing component: "HfFilter":"Gaus_tight"
[00:03:55.918] D [  main  ] constructing component: "HfFilter":"Gaus_wide"
[00:03:55.918] D [  main  ] constructing component: "HfFilter":"Wiener_tight_U"
[00:03:55.918] D [  main  ] constructing component: "HfFilter":"Wiener_tight_V"
[00:03:55.918] D [  main  ] constructing component: "HfFilter":"Wiener_tight_W"
[00:03:55.918] D [  main  ] constructing component: "HfFilter":"Wiener_wide_U"
[00:03:55.918] D [  main  ] constructing component: "HfFilter":"Wiener_wide_V"
[00:03:55.918] D [  main  ] constructing component: "HfFilter":"Wiener_wide_W"
[00:03:55.918] D [  main  ] constructing component: "HfFilter":"Wire_ind"
[00:03:55.918] D [  main  ] constructing component: "HfFilter":"Wire_col"
[00:03:55.918] D [  main  ] constructing component: "OmnibusSigProc":"crm0sigproc0"
[00:03:55.918] D [  main  ] constructing component: "MagnifySink":"magdecon0"
[00:03:55.918] D [  main  ] constructing component: "AnodePlane":"crm1"
[00:03:55.918] D [  main  ] constructing component: "DepoSetFilter":"ds-filter-switch-1"
[00:03:55.918] D [  main  ] constructing component: "FrameSync":"frame-sync-switch-1"
[00:03:55.918] D [  main  ] constructing component: "DeposOrBust":"dorb-switch-1"
[00:03:55.918] D [  main  ] constructing component: "DepoTransform":"ductor1"
[00:03:55.918] D [  main  ] constructing component: "Reframer":"reframer1"
[00:03:55.918] D [  main  ] constructing component: "EmpiricalNoiseModel":"empericalnoisecrm1"
[00:03:55.918] D [  main  ] constructing component: "AddNoise":"addnoiseempericalnoisecrm1"
[00:03:55.918] D [  main  ] constructing component: "Digitizer":"digitizer1"
[00:03:55.918] D [  main  ] constructing component: "OmnibusSigProc":"crm1sigproc1"
[00:03:55.918] D [  main  ] constructing component: "MagnifySink":"magdecon1"
[00:03:55.918] D [  main  ] constructing component: "AnodePlane":"crm4"
[00:03:55.918] D [  main  ] constructing component: "DepoSetFilter":"ds-filter-switch-4"
[00:03:55.918] D [  main  ] constructing component: "FrameSync":"frame-sync-switch-4"
[00:03:55.918] D [  main  ] constructing component: "DeposOrBust":"dorb-switch-4"
[00:03:55.918] D [  main  ] constructing component: "DepoTransform":"ductor4"
[00:03:55.918] D [  main  ] constructing component: "Reframer":"reframer4"
[00:03:55.918] D [  main  ] constructing component: "EmpiricalNoiseModel":"empericalnoisecrm4"
[00:03:55.918] D [  main  ] constructing component: "AddNoise":"addnoiseempericalnoisecrm4"
[00:03:55.918] D [  main  ] constructing component: "Digitizer":"digitizer4"
[00:03:55.918] D [  main  ] constructing component: "OmnibusSigProc":"crm4sigproc4"
[00:03:55.918] D [  main  ] constructing component: "MagnifySink":"magdecon4"
[00:03:55.918] D [  main  ] constructing component: "AnodePlane":"crm5"
[00:03:55.918] D [  main  ] constructing component: "DepoSetFilter":"ds-filter-switch-5"
[00:03:55.918] D [  main  ] constructing component: "FrameSync":"frame-sync-switch-5"
[00:03:55.918] D [  main  ] constructing component: "DeposOrBust":"dorb-switch-5"
[00:03:55.918] D [  main  ] constructing component: "DepoTransform":"ductor5"
[00:03:55.918] D [  main  ] constructing component: "Reframer":"reframer5"
[00:03:55.918] D [  main  ] constructing component: "EmpiricalNoiseModel":"empericalnoisecrm5"
[00:03:55.918] D [  main  ] constructing component: "AddNoise":"addnoiseempericalnoisecrm5"
[00:03:55.919] D [  main  ] constructing component: "Digitizer":"digitizer5"
[00:03:55.919] D [  main  ] constructing component: "OmnibusSigProc":"crm5sigproc5"
[00:03:55.919] D [  main  ] constructing component: "MagnifySink":"magdecon5"
[00:03:55.919] D [  main  ] constructing component: "DumpFrames":""
[00:03:55.919] D [  main  ] constructing component: "Pgrapher":""
[00:03:55.919] D [  main  ] constructing app: "Pgrapher"
[00:03:55.920] D [  gen   ] <TrackDepos:> log name: "gen/TrackDepos:"
[00:03:55.920] D [  gen   ] <Drifter:> log name: "gen/Drifter:"
[00:03:55.920] D [  gen   ] <DepoBagger:bagger> log name: "gen/DepoBagger:bagger"
[00:03:55.920] D [  glue  ] <DepoSetFanout:sn_mag_fout_0_0> log name: "glue/DepoSetFanout:sn_mag_fout_0_0"
[00:03:55.920] D [  glue  ] <DepoSetFanout:sn_mag_fout_1_0> log name: "glue/DepoSetFanout:sn_mag_fout_1_0"
[00:03:55.920] D [  glue  ] <DepoSetFanout:sn_mag_fout_1_1> log name: "glue/DepoSetFanout:sn_mag_fout_1_1"
[00:03:55.920] D [  glue  ] <DepoSetFanout:sn_mag_fout_1_2> log name: "glue/DepoSetFanout:sn_mag_fout_1_2"
[00:03:55.920] D [  glue  ] <DepoSetFanout:sn_mag_fout_1_3> log name: "glue/DepoSetFanout:sn_mag_fout_1_3"
[00:03:55.920] D [  glue  ] <FrameFanin:sn_mag_fin_1_0> log name: "glue/FrameFanin:sn_mag_fin_1_0"
[00:03:55.920] D [  glue  ] <FrameFanin:sn_mag_fin_1_1> log name: "glue/FrameFanin:sn_mag_fin_1_1"
[00:03:55.920] D [  glue  ] <FrameFanin:sn_mag_fin_1_2> log name: "glue/FrameFanin:sn_mag_fin_1_2"
[00:03:55.920] D [  glue  ] <FrameFanin:sn_mag_fin_1_3> log name: "glue/FrameFanin:sn_mag_fin_1_3"
[00:03:55.921] D [  glue  ] <FrameFanin:sn_mag_fin_0_0> log name: "glue/FrameFanin:sn_mag_fin_0_0"
[00:03:55.921] D [  geom  ] <AnodePlane:crm0> log name: "geom/AnodePlane:crm0"
[00:03:55.921] D [  gen   ] <DepoSetFilter:ds-filter-switch-0> log name: "gen/DepoSetFilter:ds-filter-switch-0"
[00:03:55.921] D [  gen   ] <PlaneImpactResponse:PIRfield0plane0> log name: "gen/PlaneImpactResponse:PIRfield0plane0"
[00:03:55.921] D [  gen   ] <PlaneImpactResponse:PIRfield0plane1> log name: "gen/PlaneImpactResponse:PIRfield0plane1"
[00:03:55.921] D [  gen   ] <PlaneImpactResponse:PIRfield0plane2> log name: "gen/PlaneImpactResponse:PIRfield0plane2"
[00:03:55.921] D [  gen   ] <DepoTransform:ductor0> log name: "gen/DepoTransform:ductor0"
[00:03:55.921] D [  gen   ] <Reframer:reframer0> log name: "gen/Reframer:reframer0"
[00:03:55.921] D [  gen   ] <EmpiricalNoiseModel:empericalnoisecrm0> log name: "gen/EmpiricalNoiseModel:empericalnoisecrm0"
[00:03:55.921] D [  gen   ] <IncoherentAddNoise:addnoiseempericalnoisecrm0> log name: "gen/IncoherentAddNoise:addnoiseempericalnoisecrm0"
[00:03:55.921] D [  gen   ] <Digitizer:digitizer0> log name: "gen/Digitizer:digitizer0"
[00:03:55.921] D [sigproc ] <OmnibusSigProc:crm0sigproc0> log name: "sigproc/OmnibusSigProc:crm0sigproc0"
[00:03:55.921] D [  geom  ] <AnodePlane:crm1> log name: "geom/AnodePlane:crm1"
[00:03:55.921] D [  gen   ] <DepoSetFilter:ds-filter-switch-1> log name: "gen/DepoSetFilter:ds-filter-switch-1"
[00:03:55.921] D [  gen   ] <DepoTransform:ductor1> log name: "gen/DepoTransform:ductor1"
[00:03:55.921] D [  gen   ] <Reframer:reframer1> log name: "gen/Reframer:reframer1"
[00:03:55.922] D [  gen   ] <EmpiricalNoiseModel:empericalnoisecrm1> log name: "gen/EmpiricalNoiseModel:empericalnoisecrm1"
[00:03:55.922] D [  gen   ] <IncoherentAddNoise:addnoiseempericalnoisecrm1> log name: "gen/IncoherentAddNoise:addnoiseempericalnoisecrm1"
[00:03:55.922] D [  gen   ] <Digitizer:digitizer1> log name: "gen/Digitizer:digitizer1"
[00:03:55.922] D [sigproc ] <OmnibusSigProc:crm1sigproc1> log name: "sigproc/OmnibusSigProc:crm1sigproc1"
[00:03:55.922] D [  geom  ] <AnodePlane:crm4> log name: "geom/AnodePlane:crm4"
[00:03:55.922] D [  gen   ] <DepoSetFilter:ds-filter-switch-4> log name: "gen/DepoSetFilter:ds-filter-switch-4"
[00:03:55.922] D [  gen   ] <DepoTransform:ductor4> log name: "gen/DepoTransform:ductor4"
[00:03:55.922] D [  gen   ] <Reframer:reframer4> log name: "gen/Reframer:reframer4"
[00:03:55.922] D [  gen   ] <EmpiricalNoiseModel:empericalnoisecrm4> log name: "gen/EmpiricalNoiseModel:empericalnoisecrm4"
[00:03:55.922] D [  gen   ] <IncoherentAddNoise:addnoiseempericalnoisecrm4> log name: "gen/IncoherentAddNoise:addnoiseempericalnoisecrm4"
[00:03:55.922] D [  gen   ] <Digitizer:digitizer4> log name: "gen/Digitizer:digitizer4"
[00:03:55.922] D [sigproc ] <OmnibusSigProc:crm4sigproc4> log name: "sigproc/OmnibusSigProc:crm4sigproc4"
[00:03:55.922] D [  geom  ] <AnodePlane:crm5> log name: "geom/AnodePlane:crm5"
[00:03:55.922] D [  gen   ] <DepoSetFilter:ds-filter-switch-5> log name: "gen/DepoSetFilter:ds-filter-switch-5"
[00:03:55.922] D [  gen   ] <DepoTransform:ductor5> log name: "gen/DepoTransform:ductor5"
[00:03:55.922] D [  gen   ] <Reframer:reframer5> log name: "gen/Reframer:reframer5"
[00:03:55.922] D [  gen   ] <EmpiricalNoiseModel:empericalnoisecrm5> log name: "gen/EmpiricalNoiseModel:empericalnoisecrm5"
[00:03:55.922] D [  gen   ] <IncoherentAddNoise:addnoiseempericalnoisecrm5> log name: "gen/IncoherentAddNoise:addnoiseempericalnoisecrm5"
[00:03:55.922] D [  gen   ] <Digitizer:digitizer5> log name: "gen/Digitizer:digitizer5"
[00:03:55.922] D [sigproc ] <OmnibusSigProc:crm5sigproc5> log name: "sigproc/OmnibusSigProc:crm5sigproc5"
[00:03:55.923] D [ pgraph ] <Pgrapher:> log name: "pgraph/Pgrapher:"
[00:03:55.924] D [  main  ] configuring component: "TrackDepos":""
[00:03:55.924] D [  gen   ] <TrackDepos:> add_track(0 us, ((200 -500 50) -> (200 -500 200))cm, -5000)
[00:03:55.924] D [  gen   ] <TrackDepos:> depos: 1500 over 1500mm
[00:03:55.924] D [  gen   ] <TrackDepos:> add_track(0 us, ((200 -550 50) -> (200 -550 200))cm, -5000)
[00:03:55.926] D [  gen   ] <TrackDepos:> depos: 3000 over 1500mm
[00:03:55.926] D [  main  ] configuring component: "Random":""
[00:03:55.926] D [  main  ] configuring component: "Drifter":""
[00:03:55.926] D [  gen   ] <Drifter:> time offset: 0 ms, drift speed: 1.60563 mm/us
[00:03:55.926] D [  main  ] configuring component: "DepoBagger":"bagger"
[00:03:55.926] D [  main  ] configuring component: "DepoSetFanout":"sn_mag_fout_0_0"
[00:03:55.926] D [  main  ] configuring component: "DepoSetFanout":"sn_mag_fout_1_0"
[00:03:55.926] D [  main  ] configuring component: "DepoSetFanout":"sn_mag_fout_1_1"
[00:03:55.926] D [  main  ] configuring component: "DepoSetFanout":"sn_mag_fout_1_2"
[00:03:55.926] D [  main  ] configuring component: "DepoSetFanout":"sn_mag_fout_1_3"
[00:03:55.926] D [  main  ] configuring component: "FrameFanin":"sn_mag_fin_1_0"
[00:03:55.926] D [  main  ] configuring component: "FrameFanin":"sn_mag_fin_1_1"
[00:03:55.926] D [  main  ] configuring component: "FrameFanin":"sn_mag_fin_1_2"
[00:03:55.926] D [  main  ] configuring component: "FrameFanin":"sn_mag_fin_1_3"
[00:03:55.927] D [  main  ] configuring component: "FrameFanin":"sn_mag_fin_0_0"
[00:03:55.927] D [  main  ] configuring component: "WireSchemaFile":""
[00:03:55.927] I [  wct   ] loading compressed json file: /data1/users/yuhw/larsoft855/share/wirecell/data/dunevd10kt_3view_30deg_v5_refactored_1x8x6ref.json.bz2
[00:03:58.158] D [  main  ] configuring component: "AnodePlane":"crm0"
[00:03:58.159] D [  geom  ] <AnodePlane:crm0> X planes: "cathode"@ -3.25m, "response"@3.0608m, "anode"@3.25m
[00:03:58.159] D [  geom  ] <AnodePlane:crm0> face:0, plane:0, origin:(3060.8 -4215.5 751.001) mm
[00:03:58.160] D [  geom  ] <AnodePlane:crm0> face:0, plane:1, origin:(3060.8 -4215.5 750.998) mm
[00:03:58.161] D [  geom  ] <AnodePlane:crm0> face:0, plane:2, origin:(3060.8 -4215.5 751.4) mm
[00:03:58.161] D [  geom  ] <AnodePlane:crm0> face:0 with 3 planes and sensvol: [(-3250 -5055 6.8) --> (3250 -3376 1496)]
[00:03:58.161] D [  geom  ] <AnodePlane:crm0> X planes: "cathode"@ -3.25m, "response"@3.0608m, "anode"@3.25m
[00:03:58.161] D [  geom  ] <AnodePlane:crm0> face:1, plane:0, origin:(3060.8 -5894.5 750.998) mm
[00:03:58.162] D [  geom  ] <AnodePlane:crm0> face:1, plane:1, origin:(3060.8 -5894.5 751.001) mm
[00:03:58.163] D [  geom  ] <AnodePlane:crm0> face:1, plane:2, origin:(3060.8 -5894.5 751.4) mm
[00:03:58.163] D [  geom  ] <AnodePlane:crm0> face:1 with 3 planes and sensvol: [(-3250 -6734 6.8) --> (3250 -5055 1496)]
[00:03:58.163] D [  main  ] configuring component: "DepoSetFilter":"ds-filter-switch-0"
[00:03:58.163] D [  main  ] configuring component: "FrameSync":"frame-sync-switch-0"
[00:03:58.163] D [  main  ] configuring component: "DeposOrBust":"dorb-switch-0"
[00:03:58.163] D [  main  ] configuring component: "FftwDFT":""
[00:03:58.163] D [  main  ] configuring component: "FieldResponse":"field0"
[00:03:58.163] I [  wct   ] loading compressed json file: /data1/users/yuhw/larsoft855/share/wirecell/data/dunevd-resp-isoc3views-18d92.json.bz2
[00:03:58.720] D [  main  ] configuring component: "ColdElecResponse":""
[00:03:58.720] D [  main  ] configuring component: "RCResponse":""
[00:03:58.720] D [  main  ] configuring component: "ResponseSys":""
[00:03:58.720] D [  main  ] configuring component: "PlaneImpactResponse":"PIRfield0plane0"
[00:03:58.720] D [  gen   ] <PlaneImpactResponse:PIRfield0plane0> short response ColdElecResponse has different number of samples (8625) than expected (400)
[00:03:58.720] D [  gen   ] <PlaneImpactResponse:PIRfield0plane0> long response RCResponse has different number of samples (8625) than expected (8960)
[00:03:58.720] D [  gen   ] <PlaneImpactResponse:PIRfield0plane0> long response RCResponse has different number of samples (8625) than expected (8960)
[00:03:58.729] D [  main  ] configuring component: "PlaneImpactResponse":"PIRfield0plane1"
[00:03:58.729] D [  gen   ] <PlaneImpactResponse:PIRfield0plane1> short response ColdElecResponse has different number of samples (8625) than expected (400)
[00:03:58.729] D [  gen   ] <PlaneImpactResponse:PIRfield0plane1> long response RCResponse has different number of samples (8625) than expected (8960)
[00:03:58.729] D [  gen   ] <PlaneImpactResponse:PIRfield0plane1> long response RCResponse has different number of samples (8625) than expected (8960)
[00:03:58.736] D [  main  ] configuring component: "PlaneImpactResponse":"PIRfield0plane2"
[00:03:58.736] D [  gen   ] <PlaneImpactResponse:PIRfield0plane2> short response ColdElecResponse has different number of samples (8625) than expected (400)
[00:03:58.736] D [  gen   ] <PlaneImpactResponse:PIRfield0plane2> long response RCResponse has different number of samples (8625) than expected (8960)
[00:03:58.736] D [  gen   ] <PlaneImpactResponse:PIRfield0plane2> long response RCResponse has different number of samples (8625) than expected (8960)
[00:03:58.744] D [  main  ] configuring component: "DepoTransform":"ductor0"
[00:03:58.744] D [  main  ] configuring component: "Reframer":"reframer0"
[00:03:58.744] D [  gen   ] <Reframer:reframer0> using anode: "AnodePlane:crm0"
[00:03:58.744] D [  main  ] configuring component: "EmpiricalNoiseModel":"empericalnoisecrm0"
[00:03:58.744] D [  gen   ] <EmpiricalNoiseModel:empericalnoisecrm0> using anode AnodePlane:crm0, chanstat 
[00:03:58.744] I [  wct   ] loading compressed json file: /data1/users/yuhw/larsoft855/share/wirecell/data/dunevd10kt-1x6x6-3view-noise-spectra-v1.json.bz2
[00:03:58.756] D [  gen   ] <EmpiricalNoiseModel:empericalnoisecrm0> m_nsamples=8500 fft_length=8960 m_period=500 spec: nsamples=9375 period=500
[00:03:58.756] D [  gen   ] <EmpiricalNoiseModel:empericalnoisecrm0> nwanted=8500 plane=0 ntold=9375 ngot=8960 ninput=101
[00:03:58.756] D [  gen   ] <EmpiricalNoiseModel:empericalnoisecrm0> m_nsamples=8500 fft_length=8960 m_period=500 spec: nsamples=9375 period=500
[00:03:58.756] D [  gen   ] <EmpiricalNoiseModel:empericalnoisecrm0> nwanted=8500 plane=0 ntold=9375 ngot=8960 ninput=101
[00:03:58.757] D [  gen   ] <EmpiricalNoiseModel:empericalnoisecrm0> m_nsamples=8500 fft_length=8960 m_period=500 spec: nsamples=9375 period=500
[00:03:58.757] D [  gen   ] <EmpiricalNoiseModel:empericalnoisecrm0> nwanted=8500 plane=0 ntold=9375 ngot=8960 ninput=101
[00:03:58.757] D [  gen   ] <EmpiricalNoiseModel:empericalnoisecrm0> m_nsamples=8500 fft_length=8960 m_period=500 spec: nsamples=9375 period=500
[00:03:58.757] D [  gen   ] <EmpiricalNoiseModel:empericalnoisecrm0> nwanted=8500 plane=0 ntold=9375 ngot=8960 ninput=101
[00:03:58.757] D [  gen   ] <EmpiricalNoiseModel:empericalnoisecrm0> m_nsamples=8500 fft_length=8960 m_period=500 spec: nsamples=9375 period=500
[00:03:58.758] D [  gen   ] <EmpiricalNoiseModel:empericalnoisecrm0> nwanted=8500 plane=0 ntold=9375 ngot=8960 ninput=101
[00:03:58.758] D [  gen   ] <EmpiricalNoiseModel:empericalnoisecrm0> m_nsamples=8500 fft_length=8960 m_period=500 spec: nsamples=9375 period=500
[00:03:58.758] D [  gen   ] <EmpiricalNoiseModel:empericalnoisecrm0> nwanted=8500 plane=0 ntold=9375 ngot=8960 ninput=101
[00:03:58.758] D [  gen   ] <EmpiricalNoiseModel:empericalnoisecrm0> m_nsamples=8500 fft_length=8960 m_period=500 spec: nsamples=9375 period=500
[00:03:58.758] D [  gen   ] <EmpiricalNoiseModel:empericalnoisecrm0> nwanted=8500 plane=0 ntold=9375 ngot=8960 ninput=101
[00:03:58.759] D [  gen   ] <EmpiricalNoiseModel:empericalnoisecrm0> m_nsamples=8500 fft_length=8960 m_period=500 spec: nsamples=9375 period=500
[00:03:58.759] D [  gen   ] <EmpiricalNoiseModel:empericalnoisecrm0> nwanted=8500 plane=0 ntold=9375 ngot=8960 ninput=101
[00:03:58.759] D [  gen   ] <EmpiricalNoiseModel:empericalnoisecrm0> m_nsamples=8500 fft_length=8960 m_period=500 spec: nsamples=9375 period=500
[00:03:58.759] D [  gen   ] <EmpiricalNoiseModel:empericalnoisecrm0> nwanted=8500 plane=0 ntold=9375 ngot=8960 ninput=101
[00:03:58.759] D [  gen   ] <EmpiricalNoiseModel:empericalnoisecrm0> m_nsamples=8500 fft_length=8960 m_period=500 spec: nsamples=9375 period=500
[00:03:58.760] D [  gen   ] <EmpiricalNoiseModel:empericalnoisecrm0> nwanted=8500 plane=0 ntold=9375 ngot=8960 ninput=101
[00:03:58.760] D [  gen   ] <EmpiricalNoiseModel:empericalnoisecrm0> m_nsamples=8500 fft_length=8960 m_period=500 spec: nsamples=9375 period=500
[00:03:58.760] D [  gen   ] <EmpiricalNoiseModel:empericalnoisecrm0> nwanted=8500 plane=0 ntold=9375 ngot=8960 ninput=101
[00:03:58.760] D [  gen   ] <EmpiricalNoiseModel:empericalnoisecrm0> m_nsamples=8500 fft_length=8960 m_period=500 spec: nsamples=9375 period=500
[00:03:58.760] D [  gen   ] <EmpiricalNoiseModel:empericalnoisecrm0> nwanted=8500 plane=0 ntold=9375 ngot=8960 ninput=101
[00:03:58.760] D [  gen   ] <EmpiricalNoiseModel:empericalnoisecrm0> m_nsamples=8500 fft_length=8960 m_period=500 spec: nsamples=9375 period=500
[00:03:58.761] D [  gen   ] <EmpiricalNoiseModel:empericalnoisecrm0> nwanted=8500 plane=0 ntold=9375 ngot=8960 ninput=101
[00:03:58.761] D [  gen   ] <EmpiricalNoiseModel:empericalnoisecrm0> m_nsamples=8500 fft_length=8960 m_period=500 spec: nsamples=9375 period=500
[00:03:58.761] D [  gen   ] <EmpiricalNoiseModel:empericalnoisecrm0> nwanted=8500 plane=0 ntold=9375 ngot=8960 ninput=101
[00:03:58.761] D [  gen   ] <EmpiricalNoiseModel:empericalnoisecrm0> m_nsamples=8500 fft_length=8960 m_period=500 spec: nsamples=9375 period=500
[00:03:58.761] D [  gen   ] <EmpiricalNoiseModel:empericalnoisecrm0> nwanted=8500 plane=0 ntold=9375 ngot=8960 ninput=101
[00:03:58.762] D [  gen   ] <EmpiricalNoiseModel:empericalnoisecrm0> m_nsamples=8500 fft_length=8960 m_period=500 spec: nsamples=9375 period=500
[00:03:58.762] D [  gen   ] <EmpiricalNoiseModel:empericalnoisecrm0> nwanted=8500 plane=0 ntold=9375 ngot=8960 ninput=101
[00:03:58.762] D [  gen   ] <EmpiricalNoiseModel:empericalnoisecrm0> m_nsamples=8500 fft_length=8960 m_period=500 spec: nsamples=9375 period=500
[00:03:58.762] D [  gen   ] <EmpiricalNoiseModel:empericalnoisecrm0> nwanted=8500 plane=0 ntold=9375 ngot=8960 ninput=101
[00:03:58.762] D [  gen   ] <EmpiricalNoiseModel:empericalnoisecrm0> m_nsamples=8500 fft_length=8960 m_period=500 spec: nsamples=9375 period=500
[00:03:58.763] D [  gen   ] <EmpiricalNoiseModel:empericalnoisecrm0> nwanted=8500 plane=1 ntold=9375 ngot=8960 ninput=101
[00:03:58.763] D [  gen   ] <EmpiricalNoiseModel:empericalnoisecrm0> m_nsamples=8500 fft_length=8960 m_period=500 spec: nsamples=9375 period=500
[00:03:58.763] D [  gen   ] <EmpiricalNoiseModel:empericalnoisecrm0> nwanted=8500 plane=1 ntold=9375 ngot=8960 ninput=101
[00:03:58.763] D [  gen   ] <EmpiricalNoiseModel:empericalnoisecrm0> m_nsamples=8500 fft_length=8960 m_period=500 spec: nsamples=9375 period=500
[00:03:58.763] D [  gen   ] <EmpiricalNoiseModel:empericalnoisecrm0> nwanted=8500 plane=1 ntold=9375 ngot=8960 ninput=101
[00:03:58.764] D [  gen   ] <EmpiricalNoiseModel:empericalnoisecrm0> m_nsamples=8500 fft_length=8960 m_period=500 spec: nsamples=9375 period=500
[00:03:58.764] D [  gen   ] <EmpiricalNoiseModel:empericalnoisecrm0> nwanted=8500 plane=1 ntold=9375 ngot=8960 ninput=101
[00:03:58.764] D [  gen   ] <EmpiricalNoiseModel:empericalnoisecrm0> m_nsamples=8500 fft_length=8960 m_period=500 spec: nsamples=9375 period=500
[00:03:58.764] D [  gen   ] <EmpiricalNoiseModel:empericalnoisecrm0> nwanted=8500 plane=1 ntold=9375 ngot=8960 ninput=101
[00:03:58.764] D [  gen   ] <EmpiricalNoiseModel:empericalnoisecrm0> m_nsamples=8500 fft_length=8960 m_period=500 spec: nsamples=9375 period=500
[00:03:58.765] D [  gen   ] <EmpiricalNoiseModel:empericalnoisecrm0> nwanted=8500 plane=1 ntold=9375 ngot=8960 ninput=101
[00:03:58.765] D [  gen   ] <EmpiricalNoiseModel:empericalnoisecrm0> m_nsamples=8500 fft_length=8960 m_period=500 spec: nsamples=9375 period=500
[00:03:58.765] D [  gen   ] <EmpiricalNoiseModel:empericalnoisecrm0> nwanted=8500 plane=1 ntold=9375 ngot=8960 ninput=101
[00:03:58.765] D [  gen   ] <EmpiricalNoiseModel:empericalnoisecrm0> m_nsamples=8500 fft_length=8960 m_period=500 spec: nsamples=9375 period=500
[00:03:58.765] D [  gen   ] <EmpiricalNoiseModel:empericalnoisecrm0> nwanted=8500 plane=1 ntold=9375 ngot=8960 ninput=101
[00:03:58.765] D [  gen   ] <EmpiricalNoiseModel:empericalnoisecrm0> m_nsamples=8500 fft_length=8960 m_period=500 spec: nsamples=9375 period=500
[00:03:58.766] D [  gen   ] <EmpiricalNoiseModel:empericalnoisecrm0> nwanted=8500 plane=1 ntold=9375 ngot=8960 ninput=101
[00:03:58.766] D [  gen   ] <EmpiricalNoiseModel:empericalnoisecrm0> m_nsamples=8500 fft_length=8960 m_period=500 spec: nsamples=9375 period=500
[00:03:58.766] D [  gen   ] <EmpiricalNoiseModel:empericalnoisecrm0> nwanted=8500 plane=1 ntold=9375 ngot=8960 ninput=101
[00:03:58.766] D [  gen   ] <EmpiricalNoiseModel:empericalnoisecrm0> m_nsamples=8500 fft_length=8960 m_period=500 spec: nsamples=9375 period=500
[00:03:58.767] D [  gen   ] <EmpiricalNoiseModel:empericalnoisecrm0> nwanted=8500 plane=1 ntold=9375 ngot=8960 ninput=101
[00:03:58.767] D [  gen   ] <EmpiricalNoiseModel:empericalnoisecrm0> m_nsamples=8500 fft_length=8960 m_period=500 spec: nsamples=9375 period=500
[00:03:58.767] D [  gen   ] <EmpiricalNoiseModel:empericalnoisecrm0> nwanted=8500 plane=1 ntold=9375 ngot=8960 ninput=101
[00:03:58.767] D [  gen   ] <EmpiricalNoiseModel:empericalnoisecrm0> m_nsamples=8500 fft_length=8960 m_period=500 spec: nsamples=9375 period=500
[00:03:58.767] D [  gen   ] <EmpiricalNoiseModel:empericalnoisecrm0> nwanted=8500 plane=1 ntold=9375 ngot=8960 ninput=101
[00:03:58.767] D [  gen   ] <EmpiricalNoiseModel:empericalnoisecrm0> m_nsamples=8500 fft_length=8960 m_period=500 spec: nsamples=9375 period=500
[00:03:58.768] D [  gen   ] <EmpiricalNoiseModel:empericalnoisecrm0> nwanted=8500 plane=1 ntold=9375 ngot=8960 ninput=101
[00:03:58.768] D [  gen   ] <EmpiricalNoiseModel:empericalnoisecrm0> m_nsamples=8500 fft_length=8960 m_period=500 spec: nsamples=9375 period=500
[00:03:58.768] D [  gen   ] <EmpiricalNoiseModel:empericalnoisecrm0> nwanted=8500 plane=1 ntold=9375 ngot=8960 ninput=101
[00:03:58.768] D [  gen   ] <EmpiricalNoiseModel:empericalnoisecrm0> m_nsamples=8500 fft_length=8960 m_period=500 spec: nsamples=9375 period=500
[00:03:58.768] D [  gen   ] <EmpiricalNoiseModel:empericalnoisecrm0> nwanted=8500 plane=1 ntold=9375 ngot=8960 ninput=101
[00:03:58.769] D [  gen   ] <EmpiricalNoiseModel:empericalnoisecrm0> m_nsamples=8500 fft_length=8960 m_period=500 spec: nsamples=9375 period=500
[00:03:58.769] D [  gen   ] <EmpiricalNoiseModel:empericalnoisecrm0> nwanted=8500 plane=1 ntold=9375 ngot=8960 ninput=101
[00:03:58.769] D [  gen   ] <EmpiricalNoiseModel:empericalnoisecrm0> m_nsamples=8500 fft_length=8960 m_period=500 spec: nsamples=9375 period=500
[00:03:58.769] D [  gen   ] <EmpiricalNoiseModel:empericalnoisecrm0> nwanted=8500 plane=2 ntold=9375 ngot=8960 ninput=101
[00:03:58.769] D [  gen   ] <EmpiricalNoiseModel:empericalnoisecrm0> m_nsamples=8500 fft_length=8960 m_period=500 spec: nsamples=9375 period=500
[00:03:58.770] D [  gen   ] <EmpiricalNoiseModel:empericalnoisecrm0> nwanted=8500 plane=2 ntold=9375 ngot=8960 ninput=101
[00:03:58.770] D [  gen   ] <EmpiricalNoiseModel:empericalnoisecrm0> m_nsamples=8500 fft_length=8960 m_period=500 spec: nsamples=9375 period=500
[00:03:58.770] D [  gen   ] <EmpiricalNoiseModel:empericalnoisecrm0> nwanted=8500 plane=2 ntold=9375 ngot=8960 ninput=101
[00:03:58.770] D [  gen   ] <EmpiricalNoiseModel:empericalnoisecrm0> m_nsamples=8500 fft_length=8960 m_period=500 spec: nsamples=9375 period=500
[00:03:58.770] D [  gen   ] <EmpiricalNoiseModel:empericalnoisecrm0> nwanted=8500 plane=2 ntold=9375 ngot=8960 ninput=101
[00:03:58.771] D [  gen   ] <EmpiricalNoiseModel:empericalnoisecrm0> m_nsamples=8500 fft_length=8960 m_period=500 spec: nsamples=9375 period=500
[00:03:58.771] D [  gen   ] <EmpiricalNoiseModel:empericalnoisecrm0> nwanted=8500 plane=2 ntold=9375 ngot=8960 ninput=101
[00:03:58.771] D [  gen   ] <EmpiricalNoiseModel:empericalnoisecrm0> m_nsamples=8500 fft_length=8960 m_period=500 spec: nsamples=9375 period=500
[00:03:58.771] D [  gen   ] <EmpiricalNoiseModel:empericalnoisecrm0> nwanted=8500 plane=2 ntold=9375 ngot=8960 ninput=101
[00:03:58.771] D [  gen   ] <EmpiricalNoiseModel:empericalnoisecrm0> m_nsamples=8500 fft_length=8960 m_period=500 spec: nsamples=9375 period=500
[00:03:58.772] D [  gen   ] <EmpiricalNoiseModel:empericalnoisecrm0> nwanted=8500 plane=2 ntold=9375 ngot=8960 ninput=101
[00:03:58.772] D [  gen   ] <EmpiricalNoiseModel:empericalnoisecrm0> m_nsamples=8500 fft_length=8960 m_period=500 spec: nsamples=9375 period=500
[00:03:58.772] D [  gen   ] <EmpiricalNoiseModel:empericalnoisecrm0> nwanted=8500 plane=2 ntold=9375 ngot=8960 ninput=101
[00:03:58.772] D [  gen   ] <EmpiricalNoiseModel:empericalnoisecrm0> m_nsamples=8500 fft_length=8960 m_period=500 spec: nsamples=9375 period=500
[00:03:58.772] D [  gen   ] <EmpiricalNoiseModel:empericalnoisecrm0> nwanted=8500 plane=2 ntold=9375 ngot=8960 ninput=101
[00:03:58.772] D [  gen   ] <EmpiricalNoiseModel:empericalnoisecrm0> m_nsamples=8500 fft_length=8960 m_period=500 spec: nsamples=9375 period=500
[00:03:58.773] D [  gen   ] <EmpiricalNoiseModel:empericalnoisecrm0> nwanted=8500 plane=2 ntold=9375 ngot=8960 ninput=101
[00:03:58.773] D [  gen   ] <EmpiricalNoiseModel:empericalnoisecrm0> m_nsamples=8500 fft_length=8960 m_period=500 spec: nsamples=9375 period=500
[00:03:58.773] D [  gen   ] <EmpiricalNoiseModel:empericalnoisecrm0> nwanted=8500 plane=2 ntold=9375 ngot=8960 ninput=101
[00:03:58.773] D [  gen   ] <EmpiricalNoiseModel:empericalnoisecrm0> m_nsamples=8500 fft_length=8960 m_period=500 spec: nsamples=9375 period=500
[00:03:58.773] D [  gen   ] <EmpiricalNoiseModel:empericalnoisecrm0> nwanted=8500 plane=2 ntold=9375 ngot=8960 ninput=101
[00:03:58.774] D [  gen   ] <EmpiricalNoiseModel:empericalnoisecrm0> m_nsamples=8500 fft_length=8960 m_period=500 spec: nsamples=9375 period=500
[00:03:58.774] D [  gen   ] <EmpiricalNoiseModel:empericalnoisecrm0> nwanted=8500 plane=2 ntold=9375 ngot=8960 ninput=101
[00:03:58.774] D [  gen   ] <EmpiricalNoiseModel:empericalnoisecrm0> m_nsamples=8500 fft_length=8960 m_period=500 spec: nsamples=9375 period=500
[00:03:58.774] D [  gen   ] <EmpiricalNoiseModel:empericalnoisecrm0> nwanted=8500 plane=2 ntold=9375 ngot=8960 ninput=101
[00:03:58.774] D [  gen   ] <EmpiricalNoiseModel:empericalnoisecrm0> m_nsamples=8500 fft_length=8960 m_period=500 spec: nsamples=9375 period=500
[00:03:58.775] D [  gen   ] <EmpiricalNoiseModel:empericalnoisecrm0> nwanted=8500 plane=2 ntold=9375 ngot=8960 ninput=101
[00:03:58.775] D [  gen   ] <EmpiricalNoiseModel:empericalnoisecrm0> m_nsamples=8500 fft_length=8960 m_period=500 spec: nsamples=9375 period=500
[00:03:58.775] D [  gen   ] <EmpiricalNoiseModel:empericalnoisecrm0> nwanted=8500 plane=2 ntold=9375 ngot=8960 ninput=101
[00:03:58.775] D [  gen   ] <EmpiricalNoiseModel:empericalnoisecrm0> m_nsamples=8500 fft_length=8960 m_period=500 spec: nsamples=9375 period=500
[00:03:58.775] D [  gen   ] <EmpiricalNoiseModel:empericalnoisecrm0> nwanted=8500 plane=2 ntold=9375 ngot=8960 ninput=101
[00:03:58.776] D [  main  ] configuring component: "AddNoise":"addnoiseempericalnoisecrm0"
[00:03:58.776] D [  gen   ] <IncoherentAddNoise:addnoiseempericalnoisecrm0> using noise model: "EmpiricalNoiseModel:empericalnoisecrm0"
[00:03:58.776] D [  main  ] configuring component: "Digitizer":"digitizer0"
[00:03:58.776] D [  gen   ] <Digitizer:digitizer0> tag="orig0", resolution=12 bits, maxvalue=4096 counts, gain=1, fullscale=[0,2000] mV, baselines=[900,900,200] mV round=0
[00:03:58.776] D [  main  ] configuring component: "LfFilter":"ROI_tight_lf"
[00:03:58.776] D [  main  ] configuring component: "LfFilter":"ROI_tighter_lf"
[00:03:58.776] D [  main  ] configuring component: "LfFilter":"ROI_loose_lf"
[00:03:58.776] D [  main  ] configuring component: "HfFilter":"Gaus_tight"
[00:03:58.776] D [  main  ] configuring component: "HfFilter":"Gaus_wide"
[00:03:58.776] D [  main  ] configuring component: "HfFilter":"Wiener_tight_U"
[00:03:58.776] D [  main  ] configuring component: "HfFilter":"Wiener_tight_V"
[00:03:58.776] D [  main  ] configuring component: "HfFilter":"Wiener_tight_W"
[00:03:58.776] D [  main  ] configuring component: "HfFilter":"Wiener_wide_U"
[00:03:58.776] D [  main  ] configuring component: "HfFilter":"Wiener_wide_V"
[00:03:58.776] D [  main  ] configuring component: "HfFilter":"Wiener_wide_W"
[00:03:58.776] D [  main  ] configuring component: "HfFilter":"Wire_ind"
[00:03:58.776] D [  main  ] configuring component: "HfFilter":"Wire_col"
[00:03:58.777] D [  main  ] configuring component: "OmnibusSigProc":"crm0sigproc0"
[00:03:58.778] D [sigproc ] <OmnibusSigProc:crm0sigproc0> config: internal channel map for tags: gauss:"gauss0", wiener:"wiener0", frame:"sigproc"
	pind0 aid0 fid0 pid0 cid286 -> cid475, cind0 -> cind189, (n=190)
	pind1 aid0 fid0 pid1 cid1427 -> cid1239, cind0 -> cind188, (n=189)
	pind2 aid0 fid0 pid2 cid2196 -> cid2487, cind0 -> cind291, (n=292)
	pind0 aid0 fid1 pid0 cid0 -> cid285, cind0 -> cind285, (n=476)
	pind1 aid0 fid1 pid1 cid1238 -> cid952, cind0 -> cind286, (n=476)
	pind2 aid0 fid1 pid2 cid1904 -> cid2195, cind0 -> cind291, (n=584)

[00:03:58.779] D [  main  ] configuring component: "MagnifySink":"magdecon0"
[00:03:59.848] D [  main  ] configuring component: "AnodePlane":"crm1"
[00:03:59.848] D [  geom  ] <AnodePlane:crm1> X planes: "cathode"@ -3.25m, "response"@3.0608m, "anode"@3.25m
[00:03:59.849] D [  geom  ] <AnodePlane:crm1> face:0, plane:0, origin:(3060.8 -845.499 751.001) mm
[00:03:59.850] D [  geom  ] <AnodePlane:crm1> face:0, plane:1, origin:(3060.8 -845.498 750.999) mm
[00:03:59.851] D [  geom  ] <AnodePlane:crm1> face:0, plane:2, origin:(3060.8 -845.5 751.4) mm
[00:03:59.851] D [  geom  ] <AnodePlane:crm1> face:0 with 3 planes and sensvol: [(-3250 -1685 6.8) --> (3250 -6 1496)]
[00:03:59.851] D [  geom  ] <AnodePlane:crm1> X planes: "cathode"@ -3.25m, "response"@3.0608m, "anode"@3.25m
[00:03:59.852] D [  geom  ] <AnodePlane:crm1> face:1, plane:0, origin:(3060.8 -2524.5 750.998) mm
[00:03:59.853] D [  geom  ] <AnodePlane:crm1> face:1, plane:1, origin:(3060.8 -2524.5 751.001) mm
[00:03:59.854] D [  geom  ] <AnodePlane:crm1> face:1, plane:2, origin:(3060.8 -2524.5 751.4) mm
[00:03:59.855] D [  geom  ] <AnodePlane:crm1> face:1 with 3 planes and sensvol: [(-3250 -3364 6.8) --> (3250 -1685 1496)]
[00:03:59.855] D [  main  ] configuring component: "DepoSetFilter":"ds-filter-switch-1"
[00:03:59.855] D [  main  ] configuring component: "FrameSync":"frame-sync-switch-1"
[00:03:59.855] D [  main  ] configuring component: "DeposOrBust":"dorb-switch-1"
[00:03:59.855] D [  main  ] configuring component: "DepoTransform":"ductor1"
[00:03:59.855] D [  main  ] configuring component: "Reframer":"reframer1"
[00:03:59.855] D [  gen   ] <Reframer:reframer1> using anode: "AnodePlane:crm1"
[00:03:59.855] D [  main  ] configuring component: "EmpiricalNoiseModel":"empericalnoisecrm1"
[00:03:59.855] D [  gen   ] <EmpiricalNoiseModel:empericalnoisecrm1> using anode AnodePlane:crm1, chanstat 
[00:03:59.855] I [  wct   ] loading compressed json file: /data1/users/yuhw/larsoft855/share/wirecell/data/dunevd10kt-1x6x6-3view-noise-spectra-v1.json.bz2
[00:03:59.871] D [  gen   ] <EmpiricalNoiseModel:empericalnoisecrm1> m_nsamples=8500 fft_length=8960 m_period=500 spec: nsamples=9375 period=500
[00:03:59.871] D [  gen   ] <EmpiricalNoiseModel:empericalnoisecrm1> nwanted=8500 plane=0 ntold=9375 ngot=8960 ninput=101
[00:03:59.871] D [  gen   ] <EmpiricalNoiseModel:empericalnoisecrm1> m_nsamples=8500 fft_length=8960 m_period=500 spec: nsamples=9375 period=500
[00:03:59.872] D [  gen   ] <EmpiricalNoiseModel:empericalnoisecrm1> nwanted=8500 plane=0 ntold=9375 ngot=8960 ninput=101
[00:03:59.872] D [  gen   ] <EmpiricalNoiseModel:empericalnoisecrm1> m_nsamples=8500 fft_length=8960 m_period=500 spec: nsamples=9375 period=500
[00:03:59.872] D [  gen   ] <EmpiricalNoiseModel:empericalnoisecrm1> nwanted=8500 plane=0 ntold=9375 ngot=8960 ninput=101
[00:03:59.872] D [  gen   ] <EmpiricalNoiseModel:empericalnoisecrm1> m_nsamples=8500 fft_length=8960 m_period=500 spec: nsamples=9375 period=500
[00:03:59.873] D [  gen   ] <EmpiricalNoiseModel:empericalnoisecrm1> nwanted=8500 plane=0 ntold=9375 ngot=8960 ninput=101
[00:03:59.873] D [  gen   ] <EmpiricalNoiseModel:empericalnoisecrm1> m_nsamples=8500 fft_length=8960 m_period=500 spec: nsamples=9375 period=500
[00:03:59.873] D [  gen   ] <EmpiricalNoiseModel:empericalnoisecrm1> nwanted=8500 plane=0 ntold=9375 ngot=8960 ninput=101
[00:03:59.873] D [  gen   ] <EmpiricalNoiseModel:empericalnoisecrm1> m_nsamples=8500 fft_length=8960 m_period=500 spec: nsamples=9375 period=500
[00:03:59.874] D [  gen   ] <EmpiricalNoiseModel:empericalnoisecrm1> nwanted=8500 plane=0 ntold=9375 ngot=8960 ninput=101
[00:03:59.874] D [  gen   ] <EmpiricalNoiseModel:empericalnoisecrm1> m_nsamples=8500 fft_length=8960 m_period=500 spec: nsamples=9375 period=500
[00:03:59.874] D [  gen   ] <EmpiricalNoiseModel:empericalnoisecrm1> nwanted=8500 plane=0 ntold=9375 ngot=8960 ninput=101
[00:03:59.874] D [  gen   ] <EmpiricalNoiseModel:empericalnoisecrm1> m_nsamples=8500 fft_length=8960 m_period=500 spec: nsamples=9375 period=500
[00:03:59.875] D [  gen   ] <EmpiricalNoiseModel:empericalnoisecrm1> nwanted=8500 plane=0 ntold=9375 ngot=8960 ninput=101
[00:03:59.875] D [  gen   ] <EmpiricalNoiseModel:empericalnoisecrm1> m_nsamples=8500 fft_length=8960 m_period=500 spec: nsamples=9375 period=500
[00:03:59.875] D [  gen   ] <EmpiricalNoiseModel:empericalnoisecrm1> nwanted=8500 plane=0 ntold=9375 ngot=8960 ninput=101
[00:03:59.876] D [  gen   ] <EmpiricalNoiseModel:empericalnoisecrm1> m_nsamples=8500 fft_length=8960 m_period=500 spec: nsamples=9375 period=500
[00:03:59.876] D [  gen   ] <EmpiricalNoiseModel:empericalnoisecrm1> nwanted=8500 plane=0 ntold=9375 ngot=8960 ninput=101
[00:03:59.876] D [  gen   ] <EmpiricalNoiseModel:empericalnoisecrm1> m_nsamples=8500 fft_length=8960 m_period=500 spec: nsamples=9375 period=500
[00:03:59.876] D [  gen   ] <EmpiricalNoiseModel:empericalnoisecrm1> nwanted=8500 plane=0 ntold=9375 ngot=8960 ninput=101
[00:03:59.877] D [  gen   ] <EmpiricalNoiseModel:empericalnoisecrm1> m_nsamples=8500 fft_length=8960 m_period=500 spec: nsamples=9375 period=500
[00:03:59.877] D [  gen   ] <EmpiricalNoiseModel:empericalnoisecrm1> nwanted=8500 plane=0 ntold=9375 ngot=8960 ninput=101
[00:03:59.877] D [  gen   ] <EmpiricalNoiseModel:empericalnoisecrm1> m_nsamples=8500 fft_length=8960 m_period=500 spec: nsamples=9375 period=500
[00:03:59.877] D [  gen   ] <EmpiricalNoiseModel:empericalnoisecrm1> nwanted=8500 plane=0 ntold=9375 ngot=8960 ninput=101
[00:03:59.878] D [  gen   ] <EmpiricalNoiseModel:empericalnoisecrm1> m_nsamples=8500 fft_length=8960 m_period=500 spec: nsamples=9375 period=500
[00:03:59.878] D [  gen   ] <EmpiricalNoiseModel:empericalnoisecrm1> nwanted=8500 plane=0 ntold=9375 ngot=8960 ninput=101
[00:03:59.878] D [  gen   ] <EmpiricalNoiseModel:empericalnoisecrm1> m_nsamples=8500 fft_length=8960 m_period=500 spec: nsamples=9375 period=500
[00:03:59.879] D [  gen   ] <EmpiricalNoiseModel:empericalnoisecrm1> nwanted=8500 plane=0 ntold=9375 ngot=8960 ninput=101
[00:03:59.879] D [  gen   ] <EmpiricalNoiseModel:empericalnoisecrm1> m_nsamples=8500 fft_length=8960 m_period=500 spec: nsamples=9375 period=500
[00:03:59.879] D [  gen   ] <EmpiricalNoiseModel:empericalnoisecrm1> nwanted=8500 plane=0 ntold=9375 ngot=8960 ninput=101
[00:03:59.879] D [  gen   ] <EmpiricalNoiseModel:empericalnoisecrm1> m_nsamples=8500 fft_length=8960 m_period=500 spec: nsamples=9375 period=500
[00:03:59.880] D [  gen   ] <EmpiricalNoiseModel:empericalnoisecrm1> nwanted=8500 plane=0 ntold=9375 ngot=8960 ninput=101
[00:03:59.880] D [  gen   ] <EmpiricalNoiseModel:empericalnoisecrm1> m_nsamples=8500 fft_length=8960 m_period=500 spec: nsamples=9375 period=500
[00:03:59.880] D [  gen   ] <EmpiricalNoiseModel:empericalnoisecrm1> nwanted=8500 plane=1 ntold=9375 ngot=8960 ninput=101
[00:03:59.880] D [  gen   ] <EmpiricalNoiseModel:empericalnoisecrm1> m_nsamples=8500 fft_length=8960 m_period=500 spec: nsamples=9375 period=500
[00:03:59.881] D [  gen   ] <EmpiricalNoiseModel:empericalnoisecrm1> nwanted=8500 plane=1 ntold=9375 ngot=8960 ninput=101
[00:03:59.881] D [  gen   ] <EmpiricalNoiseModel:empericalnoisecrm1> m_nsamples=8500 fft_length=8960 m_period=500 spec: nsamples=9375 period=500
[00:03:59.881] D [  gen   ] <EmpiricalNoiseModel:empericalnoisecrm1> nwanted=8500 plane=1 ntold=9375 ngot=8960 ninput=101
[00:03:59.881] D [  gen   ] <EmpiricalNoiseModel:empericalnoisecrm1> m_nsamples=8500 fft_length=8960 m_period=500 spec: nsamples=9375 period=500
[00:03:59.882] D [  gen   ] <EmpiricalNoiseModel:empericalnoisecrm1> nwanted=8500 plane=1 ntold=9375 ngot=8960 ninput=101
[00:03:59.882] D [  gen   ] <EmpiricalNoiseModel:empericalnoisecrm1> m_nsamples=8500 fft_length=8960 m_period=500 spec: nsamples=9375 period=500
[00:03:59.882] D [  gen   ] <EmpiricalNoiseModel:empericalnoisecrm1> nwanted=8500 plane=1 ntold=9375 ngot=8960 ninput=101
[00:03:59.882] D [  gen   ] <EmpiricalNoiseModel:empericalnoisecrm1> m_nsamples=8500 fft_length=8960 m_period=500 spec: nsamples=9375 period=500
[00:03:59.883] D [  gen   ] <EmpiricalNoiseModel:empericalnoisecrm1> nwanted=8500 plane=1 ntold=9375 ngot=8960 ninput=101
[00:03:59.883] D [  gen   ] <EmpiricalNoiseModel:empericalnoisecrm1> m_nsamples=8500 fft_length=8960 m_period=500 spec: nsamples=9375 period=500
[00:03:59.883] D [  gen   ] <EmpiricalNoiseModel:empericalnoisecrm1> nwanted=8500 plane=1 ntold=9375 ngot=8960 ninput=101
[00:03:59.883] D [  gen   ] <EmpiricalNoiseModel:empericalnoisecrm1> m_nsamples=8500 fft_length=8960 m_period=500 spec: nsamples=9375 period=500
[00:03:59.884] D [  gen   ] <EmpiricalNoiseModel:empericalnoisecrm1> nwanted=8500 plane=1 ntold=9375 ngot=8960 ninput=101
[00:03:59.884] D [  gen   ] <EmpiricalNoiseModel:empericalnoisecrm1> m_nsamples=8500 fft_length=8960 m_period=500 spec: nsamples=9375 period=500
[00:03:59.884] D [  gen   ] <EmpiricalNoiseModel:empericalnoisecrm1> nwanted=8500 plane=1 ntold=9375 ngot=8960 ninput=101
[00:03:59.885] D [  gen   ] <EmpiricalNoiseModel:empericalnoisecrm1> m_nsamples=8500 fft_length=8960 m_period=500 spec: nsamples=9375 period=500
[00:03:59.885] D [  gen   ] <EmpiricalNoiseModel:empericalnoisecrm1> nwanted=8500 plane=1 ntold=9375 ngot=8960 ninput=101
[00:03:59.885] D [  gen   ] <EmpiricalNoiseModel:empericalnoisecrm1> m_nsamples=8500 fft_length=8960 m_period=500 spec: nsamples=9375 period=500
[00:03:59.885] D [  gen   ] <EmpiricalNoiseModel:empericalnoisecrm1> nwanted=8500 plane=1 ntold=9375 ngot=8960 ninput=101
[00:03:59.886] D [  gen   ] <EmpiricalNoiseModel:empericalnoisecrm1> m_nsamples=8500 fft_length=8960 m_period=500 spec: nsamples=9375 period=500
[00:03:59.886] D [  gen   ] <EmpiricalNoiseModel:empericalnoisecrm1> nwanted=8500 plane=1 ntold=9375 ngot=8960 ninput=101
[00:03:59.886] D [  gen   ] <EmpiricalNoiseModel:empericalnoisecrm1> m_nsamples=8500 fft_length=8960 m_period=500 spec: nsamples=9375 period=500
[00:03:59.887] D [  gen   ] <EmpiricalNoiseModel:empericalnoisecrm1> nwanted=8500 plane=1 ntold=9375 ngot=8960 ninput=101
[00:03:59.887] D [  gen   ] <EmpiricalNoiseModel:empericalnoisecrm1> m_nsamples=8500 fft_length=8960 m_period=500 spec: nsamples=9375 period=500
[00:03:59.887] D [  gen   ] <EmpiricalNoiseModel:empericalnoisecrm1> nwanted=8500 plane=1 ntold=9375 ngot=8960 ninput=101
[00:03:59.887] D [  gen   ] <EmpiricalNoiseModel:empericalnoisecrm1> m_nsamples=8500 fft_length=8960 m_period=500 spec: nsamples=9375 period=500
[00:03:59.888] D [  gen   ] <EmpiricalNoiseModel:empericalnoisecrm1> nwanted=8500 plane=1 ntold=9375 ngot=8960 ninput=101
[00:03:59.888] D [  gen   ] <EmpiricalNoiseModel:empericalnoisecrm1> m_nsamples=8500 fft_length=8960 m_period=500 spec: nsamples=9375 period=500
[00:03:59.888] D [  gen   ] <EmpiricalNoiseModel:empericalnoisecrm1> nwanted=8500 plane=1 ntold=9375 ngot=8960 ninput=101
[00:03:59.888] D [  gen   ] <EmpiricalNoiseModel:empericalnoisecrm1> m_nsamples=8500 fft_length=8960 m_period=500 spec: nsamples=9375 period=500
[00:03:59.889] D [  gen   ] <EmpiricalNoiseModel:empericalnoisecrm1> nwanted=8500 plane=1 ntold=9375 ngot=8960 ninput=101
[00:03:59.889] D [  gen   ] <EmpiricalNoiseModel:empericalnoisecrm1> m_nsamples=8500 fft_length=8960 m_period=500 spec: nsamples=9375 period=500
[00:03:59.889] D [  gen   ] <EmpiricalNoiseModel:empericalnoisecrm1> nwanted=8500 plane=2 ntold=9375 ngot=8960 ninput=101
[00:03:59.889] D [  gen   ] <EmpiricalNoiseModel:empericalnoisecrm1> m_nsamples=8500 fft_length=8960 m_period=500 spec: nsamples=9375 period=500
[00:03:59.890] D [  gen   ] <EmpiricalNoiseModel:empericalnoisecrm1> nwanted=8500 plane=2 ntold=9375 ngot=8960 ninput=101
[00:03:59.890] D [  gen   ] <EmpiricalNoiseModel:empericalnoisecrm1> m_nsamples=8500 fft_length=8960 m_period=500 spec: nsamples=9375 period=500
[00:03:59.890] D [  gen   ] <EmpiricalNoiseModel:empericalnoisecrm1> nwanted=8500 plane=2 ntold=9375 ngot=8960 ninput=101
[00:03:59.890] D [  gen   ] <EmpiricalNoiseModel:empericalnoisecrm1> m_nsamples=8500 fft_length=8960 m_period=500 spec: nsamples=9375 period=500
[00:03:59.891] D [  gen   ] <EmpiricalNoiseModel:empericalnoisecrm1> nwanted=8500 plane=2 ntold=9375 ngot=8960 ninput=101
[00:03:59.891] D [  gen   ] <EmpiricalNoiseModel:empericalnoisecrm1> m_nsamples=8500 fft_length=8960 m_period=500 spec: nsamples=9375 period=500
[00:03:59.891] D [  gen   ] <EmpiricalNoiseModel:empericalnoisecrm1> nwanted=8500 plane=2 ntold=9375 ngot=8960 ninput=101
[00:03:59.891] D [  gen   ] <EmpiricalNoiseModel:empericalnoisecrm1> m_nsamples=8500 fft_length=8960 m_period=500 spec: nsamples=9375 period=500
[00:03:59.892] D [  gen   ] <EmpiricalNoiseModel:empericalnoisecrm1> nwanted=8500 plane=2 ntold=9375 ngot=8960 ninput=101
[00:03:59.892] D [  gen   ] <EmpiricalNoiseModel:empericalnoisecrm1> m_nsamples=8500 fft_length=8960 m_period=500 spec: nsamples=9375 period=500
[00:03:59.892] D [  gen   ] <EmpiricalNoiseModel:empericalnoisecrm1> nwanted=8500 plane=2 ntold=9375 ngot=8960 ninput=101
[00:03:59.893] D [  gen   ] <EmpiricalNoiseModel:empericalnoisecrm1> m_nsamples=8500 fft_length=8960 m_period=500 spec: nsamples=9375 period=500
[00:03:59.893] D [  gen   ] <EmpiricalNoiseModel:empericalnoisecrm1> nwanted=8500 plane=2 ntold=9375 ngot=8960 ninput=101
[00:03:59.893] D [  gen   ] <EmpiricalNoiseModel:empericalnoisecrm1> m_nsamples=8500 fft_length=8960 m_period=500 spec: nsamples=9375 period=500
[00:03:59.893] D [  gen   ] <EmpiricalNoiseModel:empericalnoisecrm1> nwanted=8500 plane=2 ntold=9375 ngot=8960 ninput=101
[00:03:59.894] D [  gen   ] <EmpiricalNoiseModel:empericalnoisecrm1> m_nsamples=8500 fft_length=8960 m_period=500 spec: nsamples=9375 period=500
[00:03:59.894] D [  gen   ] <EmpiricalNoiseModel:empericalnoisecrm1> nwanted=8500 plane=2 ntold=9375 ngot=8960 ninput=101
[00:03:59.894] D [  gen   ] <EmpiricalNoiseModel:empericalnoisecrm1> m_nsamples=8500 fft_length=8960 m_period=500 spec: nsamples=9375 period=500
[00:03:59.895] D [  gen   ] <EmpiricalNoiseModel:empericalnoisecrm1> nwanted=8500 plane=2 ntold=9375 ngot=8960 ninput=101
[00:03:59.895] D [  gen   ] <EmpiricalNoiseModel:empericalnoisecrm1> m_nsamples=8500 fft_length=8960 m_period=500 spec: nsamples=9375 period=500
[00:03:59.895] D [  gen   ] <EmpiricalNoiseModel:empericalnoisecrm1> nwanted=8500 plane=2 ntold=9375 ngot=8960 ninput=101
[00:03:59.895] D [  gen   ] <EmpiricalNoiseModel:empericalnoisecrm1> m_nsamples=8500 fft_length=8960 m_period=500 spec: nsamples=9375 period=500
[00:03:59.896] D [  gen   ] <EmpiricalNoiseModel:empericalnoisecrm1> nwanted=8500 plane=2 ntold=9375 ngot=8960 ninput=101
[00:03:59.896] D [  gen   ] <EmpiricalNoiseModel:empericalnoisecrm1> m_nsamples=8500 fft_length=8960 m_period=500 spec: nsamples=9375 period=500
[00:03:59.896] D [  gen   ] <EmpiricalNoiseModel:empericalnoisecrm1> nwanted=8500 plane=2 ntold=9375 ngot=8960 ninput=101
[00:03:59.896] D [  gen   ] <EmpiricalNoiseModel:empericalnoisecrm1> m_nsamples=8500 fft_length=8960 m_period=500 spec: nsamples=9375 period=500
[00:03:59.897] D [  gen   ] <EmpiricalNoiseModel:empericalnoisecrm1> nwanted=8500 plane=2 ntold=9375 ngot=8960 ninput=101
[00:03:59.897] D [  gen   ] <EmpiricalNoiseModel:empericalnoisecrm1> m_nsamples=8500 fft_length=8960 m_period=500 spec: nsamples=9375 period=500
[00:03:59.897] D [  gen   ] <EmpiricalNoiseModel:empericalnoisecrm1> nwanted=8500 plane=2 ntold=9375 ngot=8960 ninput=101
[00:03:59.897] D [  gen   ] <EmpiricalNoiseModel:empericalnoisecrm1> m_nsamples=8500 fft_length=8960 m_period=500 spec: nsamples=9375 period=500
[00:03:59.898] D [  gen   ] <EmpiricalNoiseModel:empericalnoisecrm1> nwanted=8500 plane=2 ntold=9375 ngot=8960 ninput=101
[00:03:59.898] D [  main  ] configuring component: "AddNoise":"addnoiseempericalnoisecrm1"
[00:03:59.899] D [  gen   ] <IncoherentAddNoise:addnoiseempericalnoisecrm1> using noise model: "EmpiricalNoiseModel:empericalnoisecrm1"
[00:03:59.899] D [  main  ] configuring component: "Digitizer":"digitizer1"
[00:03:59.899] D [  gen   ] <Digitizer:digitizer1> tag="orig1", resolution=12 bits, maxvalue=4096 counts, gain=1, fullscale=[0,2000] mV, baselines=[900,900,200] mV round=0
[00:03:59.899] D [  main  ] configuring component: "OmnibusSigProc":"crm1sigproc1"
[00:03:59.901] D [sigproc ] <OmnibusSigProc:crm1sigproc1> config: internal channel map for tags: gauss:"gauss1", wiener:"wiener1", frame:"sigproc"
	pind0 aid1 fid0 pid0 cid3358 -> cid3547, cind0 -> cind189, (n=190)
	pind1 aid1 fid0 pid1 cid4499 -> cid4311, cind0 -> cind188, (n=189)
	pind2 aid1 fid0 pid2 cid5268 -> cid5559, cind0 -> cind291, (n=292)
	pind0 aid1 fid1 pid0 cid3072 -> cid3357, cind0 -> cind285, (n=476)
	pind1 aid1 fid1 pid1 cid4310 -> cid4024, cind0 -> cind286, (n=476)
	pind2 aid1 fid1 pid2 cid4976 -> cid5267, cind0 -> cind291, (n=584)

[00:03:59.901] D [  main  ] configuring component: "MagnifySink":"magdecon1"
[00:03:59.907] D [  main  ] configuring component: "AnodePlane":"crm4"
[00:03:59.907] D [  geom  ] <AnodePlane:crm4> X planes: "cathode"@ -3.25m, "response"@3.0608m, "anode"@3.25m
[00:03:59.908] D [  geom  ] <AnodePlane:crm4> face:0, plane:0, origin:(3060.8 -4215.5 2242) mm
[00:03:59.909] D [  geom  ] <AnodePlane:crm4> face:0, plane:1, origin:(3060.8 -4215.5 2242) mm
[00:03:59.910] D [  geom  ] <AnodePlane:crm4> face:0, plane:2, origin:(3060.8 -4215.5 2241.6) mm
[00:03:59.910] D [  geom  ] <AnodePlane:crm4> face:0 with 3 planes and sensvol: [(-3250 -5055 1497) --> (3250 -3376 2986.2)]
[00:03:59.910] D [  geom  ] <AnodePlane:crm4> X planes: "cathode"@ -3.25m, "response"@3.0608m, "anode"@3.25m
[00:03:59.911] D [  geom  ] <AnodePlane:crm4> face:1, plane:0, origin:(3060.8 -5894.5 2242) mm
[00:03:59.912] D [  geom  ] <AnodePlane:crm4> face:1, plane:1, origin:(3060.8 -5894.5 2242) mm
[00:03:59.913] D [  geom  ] <AnodePlane:crm4> face:1, plane:2, origin:(3060.8 -5894.5 2241.6) mm
[00:03:59.913] D [  geom  ] <AnodePlane:crm4> face:1 with 3 planes and sensvol: [(-3250 -6734 1497) --> (3250 -5055 2986.2)]
[00:03:59.913] D [  main  ] configuring component: "DepoSetFilter":"ds-filter-switch-4"
[00:03:59.913] D [  main  ] configuring component: "FrameSync":"frame-sync-switch-4"
[00:03:59.913] D [  main  ] configuring component: "DeposOrBust":"dorb-switch-4"
[00:03:59.913] D [  main  ] configuring component: "DepoTransform":"ductor4"
[00:03:59.914] D [  main  ] configuring component: "Reframer":"reframer4"
[00:03:59.914] D [  gen   ] <Reframer:reframer4> using anode: "AnodePlane:crm4"
[00:03:59.914] D [  main  ] configuring component: "EmpiricalNoiseModel":"empericalnoisecrm4"
[00:03:59.914] D [  gen   ] <EmpiricalNoiseModel:empericalnoisecrm4> using anode AnodePlane:crm4, chanstat 
[00:03:59.914] I [  wct   ] loading compressed json file: /data1/users/yuhw/larsoft855/share/wirecell/data/dunevd10kt-1x6x6-3view-noise-spectra-v1.json.bz2
[00:03:59.929] D [  gen   ] <EmpiricalNoiseModel:empericalnoisecrm4> m_nsamples=8500 fft_length=8960 m_period=500 spec: nsamples=9375 period=500
[00:03:59.929] D [  gen   ] <EmpiricalNoiseModel:empericalnoisecrm4> nwanted=8500 plane=0 ntold=9375 ngot=8960 ninput=101
[00:03:59.930] D [  gen   ] <EmpiricalNoiseModel:empericalnoisecrm4> m_nsamples=8500 fft_length=8960 m_period=500 spec: nsamples=9375 period=500
[00:03:59.930] D [  gen   ] <EmpiricalNoiseModel:empericalnoisecrm4> nwanted=8500 plane=0 ntold=9375 ngot=8960 ninput=101
[00:03:59.930] D [  gen   ] <EmpiricalNoiseModel:empericalnoisecrm4> m_nsamples=8500 fft_length=8960 m_period=500 spec: nsamples=9375 period=500
[00:03:59.930] D [  gen   ] <EmpiricalNoiseModel:empericalnoisecrm4> nwanted=8500 plane=0 ntold=9375 ngot=8960 ninput=101
[00:03:59.931] D [  gen   ] <EmpiricalNoiseModel:empericalnoisecrm4> m_nsamples=8500 fft_length=8960 m_period=500 spec: nsamples=9375 period=500
[00:03:59.931] D [  gen   ] <EmpiricalNoiseModel:empericalnoisecrm4> nwanted=8500 plane=0 ntold=9375 ngot=8960 ninput=101
[00:03:59.931] D [  gen   ] <EmpiricalNoiseModel:empericalnoisecrm4> m_nsamples=8500 fft_length=8960 m_period=500 spec: nsamples=9375 period=500
[00:03:59.931] D [  gen   ] <EmpiricalNoiseModel:empericalnoisecrm4> nwanted=8500 plane=0 ntold=9375 ngot=8960 ninput=101
[00:03:59.932] D [  gen   ] <EmpiricalNoiseModel:empericalnoisecrm4> m_nsamples=8500 fft_length=8960 m_period=500 spec: nsamples=9375 period=500
[00:03:59.932] D [  gen   ] <EmpiricalNoiseModel:empericalnoisecrm4> nwanted=8500 plane=0 ntold=9375 ngot=8960 ninput=101
[00:03:59.932] D [  gen   ] <EmpiricalNoiseModel:empericalnoisecrm4> m_nsamples=8500 fft_length=8960 m_period=500 spec: nsamples=9375 period=500
[00:03:59.932] D [  gen   ] <EmpiricalNoiseModel:empericalnoisecrm4> nwanted=8500 plane=0 ntold=9375 ngot=8960 ninput=101
[00:03:59.932] D [  gen   ] <EmpiricalNoiseModel:empericalnoisecrm4> m_nsamples=8500 fft_length=8960 m_period=500 spec: nsamples=9375 period=500
[00:03:59.933] D [  gen   ] <EmpiricalNoiseModel:empericalnoisecrm4> nwanted=8500 plane=0 ntold=9375 ngot=8960 ninput=101
[00:03:59.933] D [  gen   ] <EmpiricalNoiseModel:empericalnoisecrm4> m_nsamples=8500 fft_length=8960 m_period=500 spec: nsamples=9375 period=500
[00:03:59.933] D [  gen   ] <EmpiricalNoiseModel:empericalnoisecrm4> nwanted=8500 plane=0 ntold=9375 ngot=8960 ninput=101
[00:03:59.933] D [  gen   ] <EmpiricalNoiseModel:empericalnoisecrm4> m_nsamples=8500 fft_length=8960 m_period=500 spec: nsamples=9375 period=500
[00:03:59.934] D [  gen   ] <EmpiricalNoiseModel:empericalnoisecrm4> nwanted=8500 plane=0 ntold=9375 ngot=8960 ninput=101
[00:03:59.934] D [  gen   ] <EmpiricalNoiseModel:empericalnoisecrm4> m_nsamples=8500 fft_length=8960 m_period=500 spec: nsamples=9375 period=500
[00:03:59.934] D [  gen   ] <EmpiricalNoiseModel:empericalnoisecrm4> nwanted=8500 plane=0 ntold=9375 ngot=8960 ninput=101
[00:03:59.934] D [  gen   ] <EmpiricalNoiseModel:empericalnoisecrm4> m_nsamples=8500 fft_length=8960 m_period=500 spec: nsamples=9375 period=500
[00:03:59.935] D [  gen   ] <EmpiricalNoiseModel:empericalnoisecrm4> nwanted=8500 plane=0 ntold=9375 ngot=8960 ninput=101
[00:03:59.935] D [  gen   ] <EmpiricalNoiseModel:empericalnoisecrm4> m_nsamples=8500 fft_length=8960 m_period=500 spec: nsamples=9375 period=500
[00:03:59.935] D [  gen   ] <EmpiricalNoiseModel:empericalnoisecrm4> nwanted=8500 plane=0 ntold=9375 ngot=8960 ninput=101
[00:03:59.935] D [  gen   ] <EmpiricalNoiseModel:empericalnoisecrm4> m_nsamples=8500 fft_length=8960 m_period=500 spec: nsamples=9375 period=500
[00:03:59.935] D [  gen   ] <EmpiricalNoiseModel:empericalnoisecrm4> nwanted=8500 plane=0 ntold=9375 ngot=8960 ninput=101
[00:03:59.936] D [  gen   ] <EmpiricalNoiseModel:empericalnoisecrm4> m_nsamples=8500 fft_length=8960 m_period=500 spec: nsamples=9375 period=500
[00:03:59.936] D [  gen   ] <EmpiricalNoiseModel:empericalnoisecrm4> nwanted=8500 plane=0 ntold=9375 ngot=8960 ninput=101
[00:03:59.936] D [  gen   ] <EmpiricalNoiseModel:empericalnoisecrm4> m_nsamples=8500 fft_length=8960 m_period=500 spec: nsamples=9375 period=500
[00:03:59.936] D [  gen   ] <EmpiricalNoiseModel:empericalnoisecrm4> nwanted=8500 plane=0 ntold=9375 ngot=8960 ninput=101
[00:03:59.936] D [  gen   ] <EmpiricalNoiseModel:empericalnoisecrm4> m_nsamples=8500 fft_length=8960 m_period=500 spec: nsamples=9375 period=500
[00:03:59.937] D [  gen   ] <EmpiricalNoiseModel:empericalnoisecrm4> nwanted=8500 plane=0 ntold=9375 ngot=8960 ninput=101
[00:03:59.937] D [  gen   ] <EmpiricalNoiseModel:empericalnoisecrm4> m_nsamples=8500 fft_length=8960 m_period=500 spec: nsamples=9375 period=500
[00:03:59.937] D [  gen   ] <EmpiricalNoiseModel:empericalnoisecrm4> nwanted=8500 plane=1 ntold=9375 ngot=8960 ninput=101
[00:03:59.937] D [  gen   ] <EmpiricalNoiseModel:empericalnoisecrm4> m_nsamples=8500 fft_length=8960 m_period=500 spec: nsamples=9375 period=500
[00:03:59.938] D [  gen   ] <EmpiricalNoiseModel:empericalnoisecrm4> nwanted=8500 plane=1 ntold=9375 ngot=8960 ninput=101
[00:03:59.938] D [  gen   ] <EmpiricalNoiseModel:empericalnoisecrm4> m_nsamples=8500 fft_length=8960 m_period=500 spec: nsamples=9375 period=500
[00:03:59.938] D [  gen   ] <EmpiricalNoiseModel:empericalnoisecrm4> nwanted=8500 plane=1 ntold=9375 ngot=8960 ninput=101
[00:03:59.938] D [  gen   ] <EmpiricalNoiseModel:empericalnoisecrm4> m_nsamples=8500 fft_length=8960 m_period=500 spec: nsamples=9375 period=500
[00:03:59.938] D [  gen   ] <EmpiricalNoiseModel:empericalnoisecrm4> nwanted=8500 plane=1 ntold=9375 ngot=8960 ninput=101
[00:03:59.939] D [  gen   ] <EmpiricalNoiseModel:empericalnoisecrm4> m_nsamples=8500 fft_length=8960 m_period=500 spec: nsamples=9375 period=500
[00:03:59.939] D [  gen   ] <EmpiricalNoiseModel:empericalnoisecrm4> nwanted=8500 plane=1 ntold=9375 ngot=8960 ninput=101
[00:03:59.939] D [  gen   ] <EmpiricalNoiseModel:empericalnoisecrm4> m_nsamples=8500 fft_length=8960 m_period=500 spec: nsamples=9375 period=500
[00:03:59.939] D [  gen   ] <EmpiricalNoiseModel:empericalnoisecrm4> nwanted=8500 plane=1 ntold=9375 ngot=8960 ninput=101
[00:03:59.939] D [  gen   ] <EmpiricalNoiseModel:empericalnoisecrm4> m_nsamples=8500 fft_length=8960 m_period=500 spec: nsamples=9375 period=500
[00:03:59.940] D [  gen   ] <EmpiricalNoiseModel:empericalnoisecrm4> nwanted=8500 plane=1 ntold=9375 ngot=8960 ninput=101
[00:03:59.940] D [  gen   ] <EmpiricalNoiseModel:empericalnoisecrm4> m_nsamples=8500 fft_length=8960 m_period=500 spec: nsamples=9375 period=500
[00:03:59.940] D [  gen   ] <EmpiricalNoiseModel:empericalnoisecrm4> nwanted=8500 plane=1 ntold=9375 ngot=8960 ninput=101
[00:03:59.940] D [  gen   ] <EmpiricalNoiseModel:empericalnoisecrm4> m_nsamples=8500 fft_length=8960 m_period=500 spec: nsamples=9375 period=500
[00:03:59.940] D [  gen   ] <EmpiricalNoiseModel:empericalnoisecrm4> nwanted=8500 plane=1 ntold=9375 ngot=8960 ninput=101
[00:03:59.941] D [  gen   ] <EmpiricalNoiseModel:empericalnoisecrm4> m_nsamples=8500 fft_length=8960 m_period=500 spec: nsamples=9375 period=500
[00:03:59.941] D [  gen   ] <EmpiricalNoiseModel:empericalnoisecrm4> nwanted=8500 plane=1 ntold=9375 ngot=8960 ninput=101
[00:03:59.941] D [  gen   ] <EmpiricalNoiseModel:empericalnoisecrm4> m_nsamples=8500 fft_length=8960 m_period=500 spec: nsamples=9375 period=500
[00:03:59.941] D [  gen   ] <EmpiricalNoiseModel:empericalnoisecrm4> nwanted=8500 plane=1 ntold=9375 ngot=8960 ninput=101
[00:03:59.941] D [  gen   ] <EmpiricalNoiseModel:empericalnoisecrm4> m_nsamples=8500 fft_length=8960 m_period=500 spec: nsamples=9375 period=500
[00:03:59.942] D [  gen   ] <EmpiricalNoiseModel:empericalnoisecrm4> nwanted=8500 plane=1 ntold=9375 ngot=8960 ninput=101
[00:03:59.942] D [  gen   ] <EmpiricalNoiseModel:empericalnoisecrm4> m_nsamples=8500 fft_length=8960 m_period=500 spec: nsamples=9375 period=500
[00:03:59.942] D [  gen   ] <EmpiricalNoiseModel:empericalnoisecrm4> nwanted=8500 plane=1 ntold=9375 ngot=8960 ninput=101
[00:03:59.942] D [  gen   ] <EmpiricalNoiseModel:empericalnoisecrm4> m_nsamples=8500 fft_length=8960 m_period=500 spec: nsamples=9375 period=500
[00:03:59.942] D [  gen   ] <EmpiricalNoiseModel:empericalnoisecrm4> nwanted=8500 plane=1 ntold=9375 ngot=8960 ninput=101
[00:03:59.943] D [  gen   ] <EmpiricalNoiseModel:empericalnoisecrm4> m_nsamples=8500 fft_length=8960 m_period=500 spec: nsamples=9375 period=500
[00:03:59.943] D [  gen   ] <EmpiricalNoiseModel:empericalnoisecrm4> nwanted=8500 plane=1 ntold=9375 ngot=8960 ninput=101
[00:03:59.943] D [  gen   ] <EmpiricalNoiseModel:empericalnoisecrm4> m_nsamples=8500 fft_length=8960 m_period=500 spec: nsamples=9375 period=500
[00:03:59.943] D [  gen   ] <EmpiricalNoiseModel:empericalnoisecrm4> nwanted=8500 plane=1 ntold=9375 ngot=8960 ninput=101
[00:03:59.943] D [  gen   ] <EmpiricalNoiseModel:empericalnoisecrm4> m_nsamples=8500 fft_length=8960 m_period=500 spec: nsamples=9375 period=500
[00:03:59.944] D [  gen   ] <EmpiricalNoiseModel:empericalnoisecrm4> nwanted=8500 plane=1 ntold=9375 ngot=8960 ninput=101
[00:03:59.944] D [  gen   ] <EmpiricalNoiseModel:empericalnoisecrm4> m_nsamples=8500 fft_length=8960 m_period=500 spec: nsamples=9375 period=500
[00:03:59.944] D [  gen   ] <EmpiricalNoiseModel:empericalnoisecrm4> nwanted=8500 plane=2 ntold=9375 ngot=8960 ninput=101
[00:03:59.944] D [  gen   ] <EmpiricalNoiseModel:empericalnoisecrm4> m_nsamples=8500 fft_length=8960 m_period=500 spec: nsamples=9375 period=500
[00:03:59.944] D [  gen   ] <EmpiricalNoiseModel:empericalnoisecrm4> nwanted=8500 plane=2 ntold=9375 ngot=8960 ninput=101
[00:03:59.945] D [  gen   ] <EmpiricalNoiseModel:empericalnoisecrm4> m_nsamples=8500 fft_length=8960 m_period=500 spec: nsamples=9375 period=500
[00:03:59.945] D [  gen   ] <EmpiricalNoiseModel:empericalnoisecrm4> nwanted=8500 plane=2 ntold=9375 ngot=8960 ninput=101
[00:03:59.945] D [  gen   ] <EmpiricalNoiseModel:empericalnoisecrm4> m_nsamples=8500 fft_length=8960 m_period=500 spec: nsamples=9375 period=500
[00:03:59.945] D [  gen   ] <EmpiricalNoiseModel:empericalnoisecrm4> nwanted=8500 plane=2 ntold=9375 ngot=8960 ninput=101
[00:03:59.945] D [  gen   ] <EmpiricalNoiseModel:empericalnoisecrm4> m_nsamples=8500 fft_length=8960 m_period=500 spec: nsamples=9375 period=500
[00:03:59.946] D [  gen   ] <EmpiricalNoiseModel:empericalnoisecrm4> nwanted=8500 plane=2 ntold=9375 ngot=8960 ninput=101
[00:03:59.946] D [  gen   ] <EmpiricalNoiseModel:empericalnoisecrm4> m_nsamples=8500 fft_length=8960 m_period=500 spec: nsamples=9375 period=500
[00:03:59.946] D [  gen   ] <EmpiricalNoiseModel:empericalnoisecrm4> nwanted=8500 plane=2 ntold=9375 ngot=8960 ninput=101
[00:03:59.946] D [  gen   ] <EmpiricalNoiseModel:empericalnoisecrm4> m_nsamples=8500 fft_length=8960 m_period=500 spec: nsamples=9375 period=500
[00:03:59.946] D [  gen   ] <EmpiricalNoiseModel:empericalnoisecrm4> nwanted=8500 plane=2 ntold=9375 ngot=8960 ninput=101
[00:03:59.946] D [  gen   ] <EmpiricalNoiseModel:empericalnoisecrm4> m_nsamples=8500 fft_length=8960 m_period=500 spec: nsamples=9375 period=500
[00:03:59.947] D [  gen   ] <EmpiricalNoiseModel:empericalnoisecrm4> nwanted=8500 plane=2 ntold=9375 ngot=8960 ninput=101
[00:03:59.947] D [  gen   ] <EmpiricalNoiseModel:empericalnoisecrm4> m_nsamples=8500 fft_length=8960 m_period=500 spec: nsamples=9375 period=500
[00:03:59.947] D [  gen   ] <EmpiricalNoiseModel:empericalnoisecrm4> nwanted=8500 plane=2 ntold=9375 ngot=8960 ninput=101
[00:03:59.947] D [  gen   ] <EmpiricalNoiseModel:empericalnoisecrm4> m_nsamples=8500 fft_length=8960 m_period=500 spec: nsamples=9375 period=500
[00:03:59.947] D [  gen   ] <EmpiricalNoiseModel:empericalnoisecrm4> nwanted=8500 plane=2 ntold=9375 ngot=8960 ninput=101
[00:03:59.948] D [  gen   ] <EmpiricalNoiseModel:empericalnoisecrm4> m_nsamples=8500 fft_length=8960 m_period=500 spec: nsamples=9375 period=500
[00:03:59.948] D [  gen   ] <EmpiricalNoiseModel:empericalnoisecrm4> nwanted=8500 plane=2 ntold=9375 ngot=8960 ninput=101
[00:03:59.948] D [  gen   ] <EmpiricalNoiseModel:empericalnoisecrm4> m_nsamples=8500 fft_length=8960 m_period=500 spec: nsamples=9375 period=500
[00:03:59.948] D [  gen   ] <EmpiricalNoiseModel:empericalnoisecrm4> nwanted=8500 plane=2 ntold=9375 ngot=8960 ninput=101
[00:03:59.948] D [  gen   ] <EmpiricalNoiseModel:empericalnoisecrm4> m_nsamples=8500 fft_length=8960 m_period=500 spec: nsamples=9375 period=500
[00:03:59.949] D [  gen   ] <EmpiricalNoiseModel:empericalnoisecrm4> nwanted=8500 plane=2 ntold=9375 ngot=8960 ninput=101
[00:03:59.949] D [  gen   ] <EmpiricalNoiseModel:empericalnoisecrm4> m_nsamples=8500 fft_length=8960 m_period=500 spec: nsamples=9375 period=500
[00:03:59.949] D [  gen   ] <EmpiricalNoiseModel:empericalnoisecrm4> nwanted=8500 plane=2 ntold=9375 ngot=8960 ninput=101
[00:03:59.949] D [  gen   ] <EmpiricalNoiseModel:empericalnoisecrm4> m_nsamples=8500 fft_length=8960 m_period=500 spec: nsamples=9375 period=500
[00:03:59.949] D [  gen   ] <EmpiricalNoiseModel:empericalnoisecrm4> nwanted=8500 plane=2 ntold=9375 ngot=8960 ninput=101
[00:03:59.949] D [  gen   ] <EmpiricalNoiseModel:empericalnoisecrm4> m_nsamples=8500 fft_length=8960 m_period=500 spec: nsamples=9375 period=500
[00:03:59.950] D [  gen   ] <EmpiricalNoiseModel:empericalnoisecrm4> nwanted=8500 plane=2 ntold=9375 ngot=8960 ninput=101
[00:03:59.950] D [  gen   ] <EmpiricalNoiseModel:empericalnoisecrm4> m_nsamples=8500 fft_length=8960 m_period=500 spec: nsamples=9375 period=500
[00:03:59.950] D [  gen   ] <EmpiricalNoiseModel:empericalnoisecrm4> nwanted=8500 plane=2 ntold=9375 ngot=8960 ninput=101
[00:03:59.951] D [  main  ] configuring component: "AddNoise":"addnoiseempericalnoisecrm4"
[00:03:59.951] D [  gen   ] <IncoherentAddNoise:addnoiseempericalnoisecrm4> using noise model: "EmpiricalNoiseModel:empericalnoisecrm4"
[00:03:59.951] D [  main  ] configuring component: "Digitizer":"digitizer4"
[00:03:59.951] D [  gen   ] <Digitizer:digitizer4> tag="orig4", resolution=12 bits, maxvalue=4096 counts, gain=1, fullscale=[0,2000] mV, baselines=[900,900,200] mV round=0
[00:03:59.951] D [  main  ] configuring component: "OmnibusSigProc":"crm4sigproc4"
[00:03:59.952] D [sigproc ] <OmnibusSigProc:crm4sigproc4> config: internal channel map for tags: gauss:"gauss4", wiener:"wiener4", frame:"sigproc"
	pind0 aid4 fid0 pid0 cid763 -> cid951, cind0 -> cind188, (n=189)
	pind1 aid4 fid0 pid1 cid1903 -> cid1714, cind0 -> cind189, (n=190)
	pind2 aid4 fid0 pid2 cid2780 -> cid3071, cind0 -> cind291, (n=292)
	pind0 aid4 fid1 pid0 cid476 -> cid762, cind0 -> cind286, (n=476)
	pind1 aid4 fid1 pid1 cid1713 -> cid1428, cind0 -> cind285, (n=476)
	pind2 aid4 fid1 pid2 cid2488 -> cid2779, cind0 -> cind291, (n=584)

[00:03:59.953] D [  main  ] configuring component: "MagnifySink":"magdecon4"
[00:03:59.958] D [  main  ] configuring component: "AnodePlane":"crm5"
[00:03:59.959] D [  geom  ] <AnodePlane:crm5> X planes: "cathode"@ -3.25m, "response"@3.0608m, "anode"@3.25m
[00:03:59.959] D [  geom  ] <AnodePlane:crm5> face:0, plane:0, origin:(3060.8 -845.498 2242) mm
[00:03:59.960] D [  geom  ] <AnodePlane:crm5> face:0, plane:1, origin:(3060.8 -845.499 2242) mm
[00:03:59.961] D [  geom  ] <AnodePlane:crm5> face:0, plane:2, origin:(3060.8 -845.5 2241.6) mm
[00:03:59.961] D [  geom  ] <AnodePlane:crm5> face:0 with 3 planes and sensvol: [(-3250 -1685 1497) --> (3250 -6 2986.2)]
[00:03:59.961] D [  geom  ] <AnodePlane:crm5> X planes: "cathode"@ -3.25m, "response"@3.0608m, "anode"@3.25m
[00:03:59.961] D [  geom  ] <AnodePlane:crm5> face:1, plane:0, origin:(3060.8 -2524.5 2242) mm
[00:03:59.962] D [  geom  ] <AnodePlane:crm5> face:1, plane:1, origin:(3060.8 -2524.5 2242) mm
[00:03:59.963] D [  geom  ] <AnodePlane:crm5> face:1, plane:2, origin:(3060.8 -2524.5 2241.6) mm
[00:03:59.963] D [  geom  ] <AnodePlane:crm5> face:1 with 3 planes and sensvol: [(-3250 -3364 1497) --> (3250 -1685 2986.2)]
[00:03:59.963] D [  main  ] configuring component: "DepoSetFilter":"ds-filter-switch-5"
[00:03:59.963] D [  main  ] configuring component: "FrameSync":"frame-sync-switch-5"
[00:03:59.963] D [  main  ] configuring component: "DeposOrBust":"dorb-switch-5"
[00:03:59.963] D [  main  ] configuring component: "DepoTransform":"ductor5"
[00:03:59.963] D [  main  ] configuring component: "Reframer":"reframer5"
[00:03:59.963] D [  gen   ] <Reframer:reframer5> using anode: "AnodePlane:crm5"
[00:03:59.963] D [  main  ] configuring component: "EmpiricalNoiseModel":"empericalnoisecrm5"
[00:03:59.963] D [  gen   ] <EmpiricalNoiseModel:empericalnoisecrm5> using anode AnodePlane:crm5, chanstat 
[00:03:59.963] I [  wct   ] loading compressed json file: /data1/users/yuhw/larsoft855/share/wirecell/data/dunevd10kt-1x6x6-3view-noise-spectra-v1.json.bz2
[00:03:59.974] D [  gen   ] <EmpiricalNoiseModel:empericalnoisecrm5> m_nsamples=8500 fft_length=8960 m_period=500 spec: nsamples=9375 period=500
[00:03:59.975] D [  gen   ] <EmpiricalNoiseModel:empericalnoisecrm5> nwanted=8500 plane=0 ntold=9375 ngot=8960 ninput=101
[00:03:59.975] D [  gen   ] <EmpiricalNoiseModel:empericalnoisecrm5> m_nsamples=8500 fft_length=8960 m_period=500 spec: nsamples=9375 period=500
[00:03:59.975] D [  gen   ] <EmpiricalNoiseModel:empericalnoisecrm5> nwanted=8500 plane=0 ntold=9375 ngot=8960 ninput=101
[00:03:59.975] D [  gen   ] <EmpiricalNoiseModel:empericalnoisecrm5> m_nsamples=8500 fft_length=8960 m_period=500 spec: nsamples=9375 period=500
[00:03:59.975] D [  gen   ] <EmpiricalNoiseModel:empericalnoisecrm5> nwanted=8500 plane=0 ntold=9375 ngot=8960 ninput=101
[00:03:59.976] D [  gen   ] <EmpiricalNoiseModel:empericalnoisecrm5> m_nsamples=8500 fft_length=8960 m_period=500 spec: nsamples=9375 period=500
[00:03:59.976] D [  gen   ] <EmpiricalNoiseModel:empericalnoisecrm5> nwanted=8500 plane=0 ntold=9375 ngot=8960 ninput=101
[00:03:59.976] D [  gen   ] <EmpiricalNoiseModel:empericalnoisecrm5> m_nsamples=8500 fft_length=8960 m_period=500 spec: nsamples=9375 period=500
[00:03:59.976] D [  gen   ] <EmpiricalNoiseModel:empericalnoisecrm5> nwanted=8500 plane=0 ntold=9375 ngot=8960 ninput=101
[00:03:59.976] D [  gen   ] <EmpiricalNoiseModel:empericalnoisecrm5> m_nsamples=8500 fft_length=8960 m_period=500 spec: nsamples=9375 period=500
[00:03:59.977] D [  gen   ] <EmpiricalNoiseModel:empericalnoisecrm5> nwanted=8500 plane=0 ntold=9375 ngot=8960 ninput=101
[00:03:59.977] D [  gen   ] <EmpiricalNoiseModel:empericalnoisecrm5> m_nsamples=8500 fft_length=8960 m_period=500 spec: nsamples=9375 period=500
[00:03:59.977] D [  gen   ] <EmpiricalNoiseModel:empericalnoisecrm5> nwanted=8500 plane=0 ntold=9375 ngot=8960 ninput=101
[00:03:59.977] D [  gen   ] <EmpiricalNoiseModel:empericalnoisecrm5> m_nsamples=8500 fft_length=8960 m_period=500 spec: nsamples=9375 period=500
[00:03:59.977] D [  gen   ] <EmpiricalNoiseModel:empericalnoisecrm5> nwanted=8500 plane=0 ntold=9375 ngot=8960 ninput=101
[00:03:59.977] D [  gen   ] <EmpiricalNoiseModel:empericalnoisecrm5> m_nsamples=8500 fft_length=8960 m_period=500 spec: nsamples=9375 period=500
[00:03:59.978] D [  gen   ] <EmpiricalNoiseModel:empericalnoisecrm5> nwanted=8500 plane=0 ntold=9375 ngot=8960 ninput=101
[00:03:59.978] D [  gen   ] <EmpiricalNoiseModel:empericalnoisecrm5> m_nsamples=8500 fft_length=8960 m_period=500 spec: nsamples=9375 period=500
[00:03:59.978] D [  gen   ] <EmpiricalNoiseModel:empericalnoisecrm5> nwanted=8500 plane=0 ntold=9375 ngot=8960 ninput=101
[00:03:59.978] D [  gen   ] <EmpiricalNoiseModel:empericalnoisecrm5> m_nsamples=8500 fft_length=8960 m_period=500 spec: nsamples=9375 period=500
[00:03:59.978] D [  gen   ] <EmpiricalNoiseModel:empericalnoisecrm5> nwanted=8500 plane=0 ntold=9375 ngot=8960 ninput=101
[00:03:59.979] D [  gen   ] <EmpiricalNoiseModel:empericalnoisecrm5> m_nsamples=8500 fft_length=8960 m_period=500 spec: nsamples=9375 period=500
[00:03:59.979] D [  gen   ] <EmpiricalNoiseModel:empericalnoisecrm5> nwanted=8500 plane=0 ntold=9375 ngot=8960 ninput=101
[00:03:59.979] D [  gen   ] <EmpiricalNoiseModel:empericalnoisecrm5> m_nsamples=8500 fft_length=8960 m_period=500 spec: nsamples=9375 period=500
[00:03:59.979] D [  gen   ] <EmpiricalNoiseModel:empericalnoisecrm5> nwanted=8500 plane=0 ntold=9375 ngot=8960 ninput=101
[00:03:59.979] D [  gen   ] <EmpiricalNoiseModel:empericalnoisecrm5> m_nsamples=8500 fft_length=8960 m_period=500 spec: nsamples=9375 period=500
[00:03:59.980] D [  gen   ] <EmpiricalNoiseModel:empericalnoisecrm5> nwanted=8500 plane=0 ntold=9375 ngot=8960 ninput=101
[00:03:59.980] D [  gen   ] <EmpiricalNoiseModel:empericalnoisecrm5> m_nsamples=8500 fft_length=8960 m_period=500 spec: nsamples=9375 period=500
[00:03:59.980] D [  gen   ] <EmpiricalNoiseModel:empericalnoisecrm5> nwanted=8500 plane=0 ntold=9375 ngot=8960 ninput=101
[00:03:59.980] D [  gen   ] <EmpiricalNoiseModel:empericalnoisecrm5> m_nsamples=8500 fft_length=8960 m_period=500 spec: nsamples=9375 period=500
[00:03:59.980] D [  gen   ] <EmpiricalNoiseModel:empericalnoisecrm5> nwanted=8500 plane=0 ntold=9375 ngot=8960 ninput=101
[00:03:59.980] D [  gen   ] <EmpiricalNoiseModel:empericalnoisecrm5> m_nsamples=8500 fft_length=8960 m_period=500 spec: nsamples=9375 period=500
[00:03:59.981] D [  gen   ] <EmpiricalNoiseModel:empericalnoisecrm5> nwanted=8500 plane=0 ntold=9375 ngot=8960 ninput=101
[00:03:59.981] D [  gen   ] <EmpiricalNoiseModel:empericalnoisecrm5> m_nsamples=8500 fft_length=8960 m_period=500 spec: nsamples=9375 period=500
[00:03:59.981] D [  gen   ] <EmpiricalNoiseModel:empericalnoisecrm5> nwanted=8500 plane=1 ntold=9375 ngot=8960 ninput=101
[00:03:59.981] D [  gen   ] <EmpiricalNoiseModel:empericalnoisecrm5> m_nsamples=8500 fft_length=8960 m_period=500 spec: nsamples=9375 period=500
[00:03:59.981] D [  gen   ] <EmpiricalNoiseModel:empericalnoisecrm5> nwanted=8500 plane=1 ntold=9375 ngot=8960 ninput=101
[00:03:59.982] D [  gen   ] <EmpiricalNoiseModel:empericalnoisecrm5> m_nsamples=8500 fft_length=8960 m_period=500 spec: nsamples=9375 period=500
[00:03:59.982] D [  gen   ] <EmpiricalNoiseModel:empericalnoisecrm5> nwanted=8500 plane=1 ntold=9375 ngot=8960 ninput=101
[00:03:59.982] D [  gen   ] <EmpiricalNoiseModel:empericalnoisecrm5> m_nsamples=8500 fft_length=8960 m_period=500 spec: nsamples=9375 period=500
[00:03:59.982] D [  gen   ] <EmpiricalNoiseModel:empericalnoisecrm5> nwanted=8500 plane=1 ntold=9375 ngot=8960 ninput=101
[00:03:59.982] D [  gen   ] <EmpiricalNoiseModel:empericalnoisecrm5> m_nsamples=8500 fft_length=8960 m_period=500 spec: nsamples=9375 period=500
[00:03:59.983] D [  gen   ] <EmpiricalNoiseModel:empericalnoisecrm5> nwanted=8500 plane=1 ntold=9375 ngot=8960 ninput=101
[00:03:59.983] D [  gen   ] <EmpiricalNoiseModel:empericalnoisecrm5> m_nsamples=8500 fft_length=8960 m_period=500 spec: nsamples=9375 period=500
[00:03:59.983] D [  gen   ] <EmpiricalNoiseModel:empericalnoisecrm5> nwanted=8500 plane=1 ntold=9375 ngot=8960 ninput=101
[00:03:59.983] D [  gen   ] <EmpiricalNoiseModel:empericalnoisecrm5> m_nsamples=8500 fft_length=8960 m_period=500 spec: nsamples=9375 period=500
[00:03:59.983] D [  gen   ] <EmpiricalNoiseModel:empericalnoisecrm5> nwanted=8500 plane=1 ntold=9375 ngot=8960 ninput=101
[00:03:59.984] D [  gen   ] <EmpiricalNoiseModel:empericalnoisecrm5> m_nsamples=8500 fft_length=8960 m_period=500 spec: nsamples=9375 period=500
[00:03:59.984] D [  gen   ] <EmpiricalNoiseModel:empericalnoisecrm5> nwanted=8500 plane=1 ntold=9375 ngot=8960 ninput=101
[00:03:59.984] D [  gen   ] <EmpiricalNoiseModel:empericalnoisecrm5> m_nsamples=8500 fft_length=8960 m_period=500 spec: nsamples=9375 period=500
[00:03:59.984] D [  gen   ] <EmpiricalNoiseModel:empericalnoisecrm5> nwanted=8500 plane=1 ntold=9375 ngot=8960 ninput=101
[00:03:59.984] D [  gen   ] <EmpiricalNoiseModel:empericalnoisecrm5> m_nsamples=8500 fft_length=8960 m_period=500 spec: nsamples=9375 period=500
[00:03:59.985] D [  gen   ] <EmpiricalNoiseModel:empericalnoisecrm5> nwanted=8500 plane=1 ntold=9375 ngot=8960 ninput=101
[00:03:59.985] D [  gen   ] <EmpiricalNoiseModel:empericalnoisecrm5> m_nsamples=8500 fft_length=8960 m_period=500 spec: nsamples=9375 period=500
[00:03:59.985] D [  gen   ] <EmpiricalNoiseModel:empericalnoisecrm5> nwanted=8500 plane=1 ntold=9375 ngot=8960 ninput=101
[00:03:59.985] D [  gen   ] <EmpiricalNoiseModel:empericalnoisecrm5> m_nsamples=8500 fft_length=8960 m_period=500 spec: nsamples=9375 period=500
[00:03:59.985] D [  gen   ] <EmpiricalNoiseModel:empericalnoisecrm5> nwanted=8500 plane=1 ntold=9375 ngot=8960 ninput=101
[00:03:59.985] D [  gen   ] <EmpiricalNoiseModel:empericalnoisecrm5> m_nsamples=8500 fft_length=8960 m_period=500 spec: nsamples=9375 period=500
[00:03:59.986] D [  gen   ] <EmpiricalNoiseModel:empericalnoisecrm5> nwanted=8500 plane=1 ntold=9375 ngot=8960 ninput=101
[00:03:59.986] D [  gen   ] <EmpiricalNoiseModel:empericalnoisecrm5> m_nsamples=8500 fft_length=8960 m_period=500 spec: nsamples=9375 period=500
[00:03:59.986] D [  gen   ] <EmpiricalNoiseModel:empericalnoisecrm5> nwanted=8500 plane=1 ntold=9375 ngot=8960 ninput=101
[00:03:59.986] D [  gen   ] <EmpiricalNoiseModel:empericalnoisecrm5> m_nsamples=8500 fft_length=8960 m_period=500 spec: nsamples=9375 period=500
[00:03:59.987] D [  gen   ] <EmpiricalNoiseModel:empericalnoisecrm5> nwanted=8500 plane=1 ntold=9375 ngot=8960 ninput=101
[00:03:59.987] D [  gen   ] <EmpiricalNoiseModel:empericalnoisecrm5> m_nsamples=8500 fft_length=8960 m_period=500 spec: nsamples=9375 period=500
[00:03:59.987] D [  gen   ] <EmpiricalNoiseModel:empericalnoisecrm5> nwanted=8500 plane=1 ntold=9375 ngot=8960 ninput=101
[00:03:59.987] D [  gen   ] <EmpiricalNoiseModel:empericalnoisecrm5> m_nsamples=8500 fft_length=8960 m_period=500 spec: nsamples=9375 period=500
[00:03:59.987] D [  gen   ] <EmpiricalNoiseModel:empericalnoisecrm5> nwanted=8500 plane=1 ntold=9375 ngot=8960 ninput=101
[00:03:59.987] D [  gen   ] <EmpiricalNoiseModel:empericalnoisecrm5> m_nsamples=8500 fft_length=8960 m_period=500 spec: nsamples=9375 period=500
[00:03:59.988] D [  gen   ] <EmpiricalNoiseModel:empericalnoisecrm5> nwanted=8500 plane=2 ntold=9375 ngot=8960 ninput=101
[00:03:59.988] D [  gen   ] <EmpiricalNoiseModel:empericalnoisecrm5> m_nsamples=8500 fft_length=8960 m_period=500 spec: nsamples=9375 period=500
[00:03:59.988] D [  gen   ] <EmpiricalNoiseModel:empericalnoisecrm5> nwanted=8500 plane=2 ntold=9375 ngot=8960 ninput=101
[00:03:59.988] D [  gen   ] <EmpiricalNoiseModel:empericalnoisecrm5> m_nsamples=8500 fft_length=8960 m_period=500 spec: nsamples=9375 period=500
[00:03:59.988] D [  gen   ] <EmpiricalNoiseModel:empericalnoisecrm5> nwanted=8500 plane=2 ntold=9375 ngot=8960 ninput=101
[00:03:59.989] D [  gen   ] <EmpiricalNoiseModel:empericalnoisecrm5> m_nsamples=8500 fft_length=8960 m_period=500 spec: nsamples=9375 period=500
[00:03:59.989] D [  gen   ] <EmpiricalNoiseModel:empericalnoisecrm5> nwanted=8500 plane=2 ntold=9375 ngot=8960 ninput=101
[00:03:59.989] D [  gen   ] <EmpiricalNoiseModel:empericalnoisecrm5> m_nsamples=8500 fft_length=8960 m_period=500 spec: nsamples=9375 period=500
[00:03:59.989] D [  gen   ] <EmpiricalNoiseModel:empericalnoisecrm5> nwanted=8500 plane=2 ntold=9375 ngot=8960 ninput=101
[00:03:59.989] D [  gen   ] <EmpiricalNoiseModel:empericalnoisecrm5> m_nsamples=8500 fft_length=8960 m_period=500 spec: nsamples=9375 period=500
[00:03:59.990] D [  gen   ] <EmpiricalNoiseModel:empericalnoisecrm5> nwanted=8500 plane=2 ntold=9375 ngot=8960 ninput=101
[00:03:59.990] D [  gen   ] <EmpiricalNoiseModel:empericalnoisecrm5> m_nsamples=8500 fft_length=8960 m_period=500 spec: nsamples=9375 period=500
[00:03:59.990] D [  gen   ] <EmpiricalNoiseModel:empericalnoisecrm5> nwanted=8500 plane=2 ntold=9375 ngot=8960 ninput=101
[00:03:59.990] D [  gen   ] <EmpiricalNoiseModel:empericalnoisecrm5> m_nsamples=8500 fft_length=8960 m_period=500 spec: nsamples=9375 period=500
[00:03:59.990] D [  gen   ] <EmpiricalNoiseModel:empericalnoisecrm5> nwanted=8500 plane=2 ntold=9375 ngot=8960 ninput=101
[00:03:59.991] D [  gen   ] <EmpiricalNoiseModel:empericalnoisecrm5> m_nsamples=8500 fft_length=8960 m_period=500 spec: nsamples=9375 period=500
[00:03:59.991] D [  gen   ] <EmpiricalNoiseModel:empericalnoisecrm5> nwanted=8500 plane=2 ntold=9375 ngot=8960 ninput=101
[00:03:59.991] D [  gen   ] <EmpiricalNoiseModel:empericalnoisecrm5> m_nsamples=8500 fft_length=8960 m_period=500 spec: nsamples=9375 period=500
[00:03:59.991] D [  gen   ] <EmpiricalNoiseModel:empericalnoisecrm5> nwanted=8500 plane=2 ntold=9375 ngot=8960 ninput=101
[00:03:59.991] D [  gen   ] <EmpiricalNoiseModel:empericalnoisecrm5> m_nsamples=8500 fft_length=8960 m_period=500 spec: nsamples=9375 period=500
[00:03:59.992] D [  gen   ] <EmpiricalNoiseModel:empericalnoisecrm5> nwanted=8500 plane=2 ntold=9375 ngot=8960 ninput=101
[00:03:59.992] D [  gen   ] <EmpiricalNoiseModel:empericalnoisecrm5> m_nsamples=8500 fft_length=8960 m_period=500 spec: nsamples=9375 period=500
[00:03:59.992] D [  gen   ] <EmpiricalNoiseModel:empericalnoisecrm5> nwanted=8500 plane=2 ntold=9375 ngot=8960 ninput=101
[00:03:59.992] D [  gen   ] <EmpiricalNoiseModel:empericalnoisecrm5> m_nsamples=8500 fft_length=8960 m_period=500 spec: nsamples=9375 period=500
[00:03:59.992] D [  gen   ] <EmpiricalNoiseModel:empericalnoisecrm5> nwanted=8500 plane=2 ntold=9375 ngot=8960 ninput=101
[00:03:59.993] D [  gen   ] <EmpiricalNoiseModel:empericalnoisecrm5> m_nsamples=8500 fft_length=8960 m_period=500 spec: nsamples=9375 period=500
[00:03:59.993] D [  gen   ] <EmpiricalNoiseModel:empericalnoisecrm5> nwanted=8500 plane=2 ntold=9375 ngot=8960 ninput=101
[00:03:59.993] D [  gen   ] <EmpiricalNoiseModel:empericalnoisecrm5> m_nsamples=8500 fft_length=8960 m_period=500 spec: nsamples=9375 period=500
[00:03:59.993] D [  gen   ] <EmpiricalNoiseModel:empericalnoisecrm5> nwanted=8500 plane=2 ntold=9375 ngot=8960 ninput=101
[00:03:59.993] D [  gen   ] <EmpiricalNoiseModel:empericalnoisecrm5> m_nsamples=8500 fft_length=8960 m_period=500 spec: nsamples=9375 period=500
[00:03:59.994] D [  gen   ] <EmpiricalNoiseModel:empericalnoisecrm5> nwanted=8500 plane=2 ntold=9375 ngot=8960 ninput=101
[00:03:59.994] D [  gen   ] <EmpiricalNoiseModel:empericalnoisecrm5> m_nsamples=8500 fft_length=8960 m_period=500 spec: nsamples=9375 period=500
[00:03:59.994] D [  gen   ] <EmpiricalNoiseModel:empericalnoisecrm5> nwanted=8500 plane=2 ntold=9375 ngot=8960 ninput=101
[00:03:59.994] D [  main  ] configuring component: "AddNoise":"addnoiseempericalnoisecrm5"
[00:03:59.994] D [  gen   ] <IncoherentAddNoise:addnoiseempericalnoisecrm5> using noise model: "EmpiricalNoiseModel:empericalnoisecrm5"
[00:03:59.994] D [  main  ] configuring component: "Digitizer":"digitizer5"
[00:03:59.995] D [  gen   ] <Digitizer:digitizer5> tag="orig5", resolution=12 bits, maxvalue=4096 counts, gain=1, fullscale=[0,2000] mV, baselines=[900,900,200] mV round=0
[00:03:59.995] D [  main  ] configuring component: "OmnibusSigProc":"crm5sigproc5"
[00:03:59.996] D [sigproc ] <OmnibusSigProc:crm5sigproc5> config: internal channel map for tags: gauss:"gauss5", wiener:"wiener5", frame:"sigproc"
	pind0 aid5 fid0 pid0 cid3835 -> cid4023, cind0 -> cind188, (n=189)
	pind1 aid5 fid0 pid1 cid4975 -> cid4786, cind0 -> cind189, (n=190)
	pind2 aid5 fid0 pid2 cid5852 -> cid6143, cind0 -> cind291, (n=292)
	pind0 aid5 fid1 pid0 cid3548 -> cid3834, cind0 -> cind286, (n=476)
	pind1 aid5 fid1 pid1 cid4785 -> cid4500, cind0 -> cind285, (n=476)
	pind2 aid5 fid1 pid2 cid5560 -> cid5851, cind0 -> cind291, (n=584)

[00:03:59.996] D [  main  ] configuring component: "MagnifySink":"magdecon5"
[00:04:00.002] D [  main  ] configuring component: "DumpFrames":""
[00:04:00.003] D [  main  ] configuring component: "Pgrapher":""
[00:04:00.003] D [ pgraph ] <Pgrapher:> connecting: 56 edges
[00:04:00.005] D [  main  ] executing 1 apps, thread limit 0:
[00:04:00.005] D [  main  ] executing 1 apps, thread limit 0:
[00:04:00.005] D [  main  ] executing app: "Pgrapher"
[00:04:00.005] D [ pgraph ] <Pgrapher:> executing graph
[00:04:00.005] D [ pgraph ] executing with 50 nodes
[00:04:00.263] D [  gen   ] <TrackDepos:> EOS at call 3000
[00:04:00.263] D [  gen   ] <Drifter:> xregion: anode: 3250 mm, response: 3060.8 mm, cathode: -3250 mm, flushing 3000
[00:04:00.374] D [  gen   ] <DepoBagger:bagger> send bag #0 with 3000 depos followed by EOS
[00:04:00.374] D [  glue  ] <DepoSetFanout:sn_mag_fout_0_0> call=0 fanout depo set 0 with 3000
[00:04:00.374] D [  glue  ] <DepoSetFanout:sn_mag_fout_1_1> call=0 fanout depo set 0 with 3000
[00:04:00.375] D [  gen   ] <DepoSetFilter:ds-filter-switch-1> call=0 Number of Depos for a give APA=0
